ARM GAS  C:\Users\15612\AppData\Local\Temp\ccdUai8P.s 			page 1


   1              		.cpu cortex-m0
   2              		.eabi_attribute 20, 1
   3              		.eabi_attribute 21, 1
   4              		.eabi_attribute 23, 3
   5              		.eabi_attribute 24, 1
   6              		.eabi_attribute 25, 1
   7              		.eabi_attribute 26, 1
   8              		.eabi_attribute 30, 1
   9              		.eabi_attribute 34, 0
  10              		.eabi_attribute 18, 4
  11              		.file	"bsp_key.c"
  12              		.text
  13              	.Ltext0:
  14              		.cfi_sections	.debug_frame
  15              		.section	.text.bsp_keyScan_20ms,"ax",%progbits
  16              		.align	1
  17              		.global	bsp_keyScan_20ms
  18              		.arch armv6s-m
  19              		.syntax unified
  20              		.code	16
  21              		.thumb_func
  22              		.fpu softvfp
  24              	bsp_keyScan_20ms:
  25              	.LFB40:
  26              		.file 1 "Bsp/bsp_key.c"
   1:Bsp/bsp_key.c **** #include "bsp_key.h"
   2:Bsp/bsp_key.c **** 
   3:Bsp/bsp_key.c **** //========================================================================
   4:Bsp/bsp_key.c **** // 函数: bsp_keyScan_20ms 
   5:Bsp/bsp_key.c **** // 描述: .
   6:Bsp/bsp_key.c **** // 参数: None.
   7:Bsp/bsp_key.c **** // 返回: None.
   8:Bsp/bsp_key.c **** //========================================================================
   9:Bsp/bsp_key.c **** bool key0Val=0;//按键按下置1，松开置0
  10:Bsp/bsp_key.c **** 
  11:Bsp/bsp_key.c **** bool key0OneClicFlag=0;//按键单击标志位  触发取反
  12:Bsp/bsp_key.c **** bool key0TwoClicFlag=0;//按键双击标志位  触发取反
  13:Bsp/bsp_key.c **** bool key0LonClicFlag=0;//按键长按标志位  触发取反
  14:Bsp/bsp_key.c **** uint8_t clicTimeSpan_x20ms = 500/20;//双击时间间隔 默认500ms
  15:Bsp/bsp_key.c **** uint8_t long_push_x20ms = 1500/20;//长按1500ms
  16:Bsp/bsp_key.c **** uint8_t clicCnt=0;
  17:Bsp/bsp_key.c **** void bsp_keyScan_20ms()
  18:Bsp/bsp_key.c **** {
  27              		.loc 1 18 1 view -0
  28              		.cfi_startproc
  29              		@ args = 0, pretend = 0, frame = 0
  30              		@ frame_needed = 0, uses_anonymous_args = 0
  31 0000 10B5     		push	{r4, lr}
  32              	.LCFI0:
  33              		.cfi_def_cfa_offset 8
  34              		.cfi_offset 4, -8
  35              		.cfi_offset 14, -4
  19:Bsp/bsp_key.c **** 	#define keyPushed_val 0//按键按下为0
  20:Bsp/bsp_key.c **** 
  21:Bsp/bsp_key.c **** 	static bool key0ValPrevious = !keyPushed_val;
  36              		.loc 1 21 2 view .LVU1
  22:Bsp/bsp_key.c **** 	static uint8_t timeOutCnt=0,push_time_x20ms=0;
ARM GAS  C:\Users\15612\AppData\Local\Temp\ccdUai8P.s 			page 2


  37              		.loc 1 22 2 view .LVU2
  23:Bsp/bsp_key.c **** 	key0Val = HAL_GPIO_ReadPin(KEY0_GPIO_Port,KEY0_Pin);
  38              		.loc 1 23 2 view .LVU3
  39              		.loc 1 23 12 is_stmt 0 view .LVU4
  40 0002 8021     		movs	r1, #128
  41 0004 9020     		movs	r0, #144
  42 0006 C900     		lsls	r1, r1, #3
  43 0008 C005     		lsls	r0, r0, #23
  44 000a FFF7FEFF 		bl	HAL_GPIO_ReadPin
  45              	.LVL0:
  46 000e 431E     		subs	r3, r0, #1
  47 0010 9841     		sbcs	r0, r0, r3
  48 0012 C0B2     		uxtb	r0, r0
  49              		.loc 1 23 10 view .LVU5
  50 0014 2B4B     		ldr	r3, .L7
  51 0016 1870     		strb	r0, [r3]
  24:Bsp/bsp_key.c **** 	
  25:Bsp/bsp_key.c **** 	static bool keyPushedFlag = 0;
  52              		.loc 1 25 2 is_stmt 1 view .LVU6
  26:Bsp/bsp_key.c **** 	
  27:Bsp/bsp_key.c **** 	
  28:Bsp/bsp_key.c **** 	
  29:Bsp/bsp_key.c **** 	if(key0Val == keyPushed_val)
  53              		.loc 1 29 2 view .LVU7
  54              		.loc 1 29 4 is_stmt 0 view .LVU8
  55 0018 0028     		cmp	r0, #0
  56 001a 18D1     		bne	.L2
  30:Bsp/bsp_key.c **** 	{
  31:Bsp/bsp_key.c **** 		push_time_x20ms++;
  57              		.loc 1 31 3 is_stmt 1 view .LVU9
  58              		.loc 1 31 18 is_stmt 0 view .LVU10
  59 001c 2A4A     		ldr	r2, .L7+4
  60 001e 1378     		ldrb	r3, [r2]
  61 0020 0133     		adds	r3, r3, #1
  62 0022 DBB2     		uxtb	r3, r3
  63 0024 1370     		strb	r3, [r2]
  32:Bsp/bsp_key.c **** 		if((push_time_x20ms > long_push_x20ms)&&(keyPushedFlag == 0))
  64              		.loc 1 32 3 is_stmt 1 view .LVU11
  65              		.loc 1 32 23 is_stmt 0 view .LVU12
  66 0026 294A     		ldr	r2, .L7+8
  67 0028 1278     		ldrb	r2, [r2]
  68              		.loc 1 32 5 view .LVU13
  69 002a 9342     		cmp	r3, r2
  70 002c 1AD9     		bls	.L3
  71              		.loc 1 32 58 discriminator 1 view .LVU14
  72 002e 284B     		ldr	r3, .L7+12
  73 0030 1B78     		ldrb	r3, [r3]
  74              		.loc 1 32 41 discriminator 1 view .LVU15
  75 0032 002B     		cmp	r3, #0
  76 0034 16D1     		bne	.L3
  33:Bsp/bsp_key.c **** 		{
  34:Bsp/bsp_key.c **** 			push_time_x20ms = 0;
  77              		.loc 1 34 4 is_stmt 1 view .LVU16
  78              		.loc 1 34 20 is_stmt 0 view .LVU17
  79 0036 244B     		ldr	r3, .L7+4
  80 0038 0022     		movs	r2, #0
  81 003a 1A70     		strb	r2, [r3]
ARM GAS  C:\Users\15612\AppData\Local\Temp\ccdUai8P.s 			page 3


  35:Bsp/bsp_key.c **** 			keyPushedFlag = 1;
  82              		.loc 1 35 4 is_stmt 1 view .LVU18
  83              		.loc 1 35 18 is_stmt 0 view .LVU19
  84 003c 244B     		ldr	r3, .L7+12
  85 003e 0132     		adds	r2, r2, #1
  86 0040 1A70     		strb	r2, [r3]
  36:Bsp/bsp_key.c **** 			key0LonClicFlag = !key0LonClicFlag;
  87              		.loc 1 36 4 is_stmt 1 view .LVU20
  88 0042 244A     		ldr	r2, .L7+16
  89 0044 1378     		ldrb	r3, [r2]
  90 0046 0121     		movs	r1, #1
  91 0048 4B40     		eors	r3, r1
  92              		.loc 1 36 20 is_stmt 0 view .LVU21
  93 004a 1370     		strb	r3, [r2]
  94 004c 0AE0     		b	.L3
  95              	.L2:
  37:Bsp/bsp_key.c **** 		}
  38:Bsp/bsp_key.c **** 	}
  39:Bsp/bsp_key.c **** 	else
  40:Bsp/bsp_key.c **** 	{
  41:Bsp/bsp_key.c **** 		push_time_x20ms=0;
  96              		.loc 1 41 3 is_stmt 1 view .LVU22
  97              		.loc 1 41 18 is_stmt 0 view .LVU23
  98 004e 1E4B     		ldr	r3, .L7+4
  99 0050 0022     		movs	r2, #0
 100 0052 1A70     		strb	r2, [r3]
  42:Bsp/bsp_key.c **** 		if(keyPushedFlag == 1)
 101              		.loc 1 42 3 is_stmt 1 view .LVU24
 102              		.loc 1 42 20 is_stmt 0 view .LVU25
 103 0054 1E4B     		ldr	r3, .L7+12
 104 0056 1B78     		ldrb	r3, [r3]
 105              		.loc 1 42 5 view .LVU26
 106 0058 002B     		cmp	r3, #0
 107 005a 03D0     		beq	.L3
  43:Bsp/bsp_key.c **** 		{
  44:Bsp/bsp_key.c **** 			keyPushedFlag = 0;
 108              		.loc 1 44 4 is_stmt 1 view .LVU27
 109              		.loc 1 44 18 is_stmt 0 view .LVU28
 110 005c 1C4B     		ldr	r3, .L7+12
 111 005e 1A70     		strb	r2, [r3]
  45:Bsp/bsp_key.c **** 			key0ValPrevious = key0Val;	
 112              		.loc 1 45 4 is_stmt 1 view .LVU29
 113              		.loc 1 45 20 is_stmt 0 view .LVU30
 114 0060 1D4B     		ldr	r3, .L7+20
 115 0062 1870     		strb	r0, [r3]
 116              	.L3:
  46:Bsp/bsp_key.c **** 		}
  47:Bsp/bsp_key.c **** 	}
  48:Bsp/bsp_key.c **** 	
  49:Bsp/bsp_key.c **** 	
  50:Bsp/bsp_key.c **** 	if((key0ValPrevious != key0Val) && (key0Val != keyPushed_val) && (keyPushedFlag == 0))//按键按下后
 117              		.loc 1 50 2 is_stmt 1 view .LVU31
 118              		.loc 1 50 22 is_stmt 0 view .LVU32
 119 0064 1C4B     		ldr	r3, .L7+20
 120 0066 1B78     		ldrb	r3, [r3]
 121              		.loc 1 50 4 view .LVU33
 122 0068 9842     		cmp	r0, r3
ARM GAS  C:\Users\15612\AppData\Local\Temp\ccdUai8P.s 			page 4


 123 006a 1AD0     		beq	.L4
 124              		.loc 1 50 34 discriminator 1 view .LVU34
 125 006c 0028     		cmp	r0, #0
 126 006e 18D0     		beq	.L4
 127              		.loc 1 50 82 discriminator 2 view .LVU35
 128 0070 174B     		ldr	r3, .L7+12
 129 0072 1B78     		ldrb	r3, [r3]
 130              		.loc 1 50 64 discriminator 2 view .LVU36
 131 0074 002B     		cmp	r3, #0
 132 0076 14D1     		bne	.L4
  51:Bsp/bsp_key.c **** 	{
  52:Bsp/bsp_key.c **** 		clicCnt++;
 133              		.loc 1 52 3 is_stmt 1 view .LVU37
 134              		.loc 1 52 10 is_stmt 0 view .LVU38
 135 0078 184A     		ldr	r2, .L7+24
 136 007a 1378     		ldrb	r3, [r2]
 137 007c 0133     		adds	r3, r3, #1
 138 007e DBB2     		uxtb	r3, r3
 139 0080 1370     		strb	r3, [r2]
  53:Bsp/bsp_key.c **** 		timeOutCnt=0;
 140              		.loc 1 53 3 is_stmt 1 view .LVU39
 141              		.loc 1 53 13 is_stmt 0 view .LVU40
 142 0082 174A     		ldr	r2, .L7+28
 143 0084 0021     		movs	r1, #0
 144 0086 1170     		strb	r1, [r2]
  54:Bsp/bsp_key.c **** 		key0OneClicFlag = !key0OneClicFlag;//单击
 145              		.loc 1 54 3 is_stmt 1 view .LVU41
 146 0088 1649     		ldr	r1, .L7+32
 147 008a 0A78     		ldrb	r2, [r1]
 148 008c 0124     		movs	r4, #1
 149 008e 6240     		eors	r2, r4
 150              		.loc 1 54 19 is_stmt 0 view .LVU42
 151 0090 0A70     		strb	r2, [r1]
  55:Bsp/bsp_key.c **** 		if(clicCnt % 2 == 0)//双击
 152              		.loc 1 55 3 is_stmt 1 view .LVU43
 153              		.loc 1 55 5 is_stmt 0 view .LVU44
 154 0092 DB07     		lsls	r3, r3, #31
 155 0094 13D4     		bmi	.L6
  56:Bsp/bsp_key.c **** 			key0TwoClicFlag =! key0TwoClicFlag;
 156              		.loc 1 56 4 is_stmt 1 view .LVU45
 157 0096 144A     		ldr	r2, .L7+36
 158 0098 1378     		ldrb	r3, [r2]
 159 009a 0121     		movs	r1, #1
 160 009c 4B40     		eors	r3, r1
 161              		.loc 1 56 20 is_stmt 0 view .LVU46
 162 009e 1370     		strb	r3, [r2]
  57:Bsp/bsp_key.c **** 		if(clicCnt % 3 == 0)//三击
 163              		.loc 1 57 3 is_stmt 1 view .LVU47
  58:Bsp/bsp_key.c **** 		{}
 164              		.loc 1 58 4 view .LVU48
  57:Bsp/bsp_key.c **** 		if(clicCnt % 3 == 0)//三击
 165              		.loc 1 57 5 is_stmt 0 view .LVU49
 166 00a0 0DE0     		b	.L6
 167              	.L4:
  59:Bsp/bsp_key.c **** 	}
  60:Bsp/bsp_key.c **** 	else
  61:Bsp/bsp_key.c **** 	{
ARM GAS  C:\Users\15612\AppData\Local\Temp\ccdUai8P.s 			page 5


  62:Bsp/bsp_key.c **** 		timeOutCnt++;
 168              		.loc 1 62 3 is_stmt 1 view .LVU50
 169              		.loc 1 62 13 is_stmt 0 view .LVU51
 170 00a2 0F4A     		ldr	r2, .L7+28
 171 00a4 1378     		ldrb	r3, [r2]
 172 00a6 0133     		adds	r3, r3, #1
 173 00a8 DBB2     		uxtb	r3, r3
 174 00aa 1370     		strb	r3, [r2]
  63:Bsp/bsp_key.c **** 		if(timeOutCnt > clicTimeSpan_x20ms)
 175              		.loc 1 63 3 is_stmt 1 view .LVU52
 176              		.loc 1 63 17 is_stmt 0 view .LVU53
 177 00ac 0F4A     		ldr	r2, .L7+40
 178 00ae 1278     		ldrb	r2, [r2]
 179              		.loc 1 63 5 view .LVU54
 180 00b0 9342     		cmp	r3, r2
 181 00b2 04D9     		bls	.L6
  64:Bsp/bsp_key.c **** 		{
  65:Bsp/bsp_key.c **** 			timeOutCnt = 0;
 182              		.loc 1 65 4 is_stmt 1 view .LVU55
 183              		.loc 1 65 15 is_stmt 0 view .LVU56
 184 00b4 0023     		movs	r3, #0
 185 00b6 0A4A     		ldr	r2, .L7+28
 186 00b8 1370     		strb	r3, [r2]
  66:Bsp/bsp_key.c **** 			clicCnt = 0;
 187              		.loc 1 66 4 is_stmt 1 view .LVU57
 188              		.loc 1 66 12 is_stmt 0 view .LVU58
 189 00ba 084A     		ldr	r2, .L7+24
 190 00bc 1370     		strb	r3, [r2]
 191              	.L6:
  67:Bsp/bsp_key.c **** 		}
  68:Bsp/bsp_key.c **** 	}
  69:Bsp/bsp_key.c **** 	
  70:Bsp/bsp_key.c **** 	key0ValPrevious = key0Val;	
 192              		.loc 1 70 2 is_stmt 1 view .LVU59
 193              		.loc 1 70 18 is_stmt 0 view .LVU60
 194 00be 064B     		ldr	r3, .L7+20
 195 00c0 1870     		strb	r0, [r3]
  71:Bsp/bsp_key.c **** 
  72:Bsp/bsp_key.c **** }
 196              		.loc 1 72 1 view .LVU61
 197              		@ sp needed
 198 00c2 10BD     		pop	{r4, pc}
 199              	.L8:
 200              		.align	2
 201              	.L7:
 202 00c4 00000000 		.word	.LANCHOR0
 203 00c8 00000000 		.word	.LANCHOR1
 204 00cc 00000000 		.word	.LANCHOR2
 205 00d0 00000000 		.word	.LANCHOR3
 206 00d4 00000000 		.word	.LANCHOR4
 207 00d8 00000000 		.word	.LANCHOR5
 208 00dc 00000000 		.word	.LANCHOR6
 209 00e0 00000000 		.word	.LANCHOR7
 210 00e4 00000000 		.word	.LANCHOR8
 211 00e8 00000000 		.word	.LANCHOR9
 212 00ec 00000000 		.word	.LANCHOR10
 213              		.cfi_endproc
ARM GAS  C:\Users\15612\AppData\Local\Temp\ccdUai8P.s 			page 6


 214              	.LFE40:
 216              		.global	clicCnt
 217              		.global	long_push_x20ms
 218              		.global	clicTimeSpan_x20ms
 219              		.global	key0LonClicFlag
 220              		.global	key0TwoClicFlag
 221              		.global	key0OneClicFlag
 222              		.global	key0Val
 223              		.section	.bss.clicCnt,"aw",%nobits
 224              		.set	.LANCHOR6,. + 0
 227              	clicCnt:
 228 0000 00       		.space	1
 229              		.section	.bss.key0LonClicFlag,"aw",%nobits
 230              		.set	.LANCHOR4,. + 0
 233              	key0LonClicFlag:
 234 0000 00       		.space	1
 235              		.section	.bss.key0OneClicFlag,"aw",%nobits
 236              		.set	.LANCHOR8,. + 0
 239              	key0OneClicFlag:
 240 0000 00       		.space	1
 241              		.section	.bss.key0TwoClicFlag,"aw",%nobits
 242              		.set	.LANCHOR9,. + 0
 245              	key0TwoClicFlag:
 246 0000 00       		.space	1
 247              		.section	.bss.key0Val,"aw",%nobits
 248              		.set	.LANCHOR0,. + 0
 251              	key0Val:
 252 0000 00       		.space	1
 253              		.section	.bss.keyPushedFlag.6130,"aw",%nobits
 254              		.set	.LANCHOR3,. + 0
 257              	keyPushedFlag.6130:
 258 0000 00       		.space	1
 259              		.section	.bss.push_time_x20ms.6129,"aw",%nobits
 260              		.set	.LANCHOR1,. + 0
 263              	push_time_x20ms.6129:
 264 0000 00       		.space	1
 265              		.section	.bss.timeOutCnt.6128,"aw",%nobits
 266              		.set	.LANCHOR7,. + 0
 269              	timeOutCnt.6128:
 270 0000 00       		.space	1
 271              		.section	.data.clicTimeSpan_x20ms,"aw"
 272              		.set	.LANCHOR10,. + 0
 275              	clicTimeSpan_x20ms:
 276 0000 19       		.byte	25
 277              		.section	.data.key0ValPrevious.6127,"aw"
 278              		.set	.LANCHOR5,. + 0
 281              	key0ValPrevious.6127:
 282 0000 01       		.byte	1
 283              		.section	.data.long_push_x20ms,"aw"
 284              		.set	.LANCHOR2,. + 0
 287              	long_push_x20ms:
 288 0000 4B       		.byte	75
 289              		.text
 290              	.Letext0:
 291              		.file 2 "c:\\tools\\gd\\embeddedbuilder_v1.4.1.23782\\embeddedbuilder_v1.4.1.23782\\tools\\gnu too
 292              		.file 3 "c:\\tools\\gd\\embeddedbuilder_v1.4.1.23782\\embeddedbuilder_v1.4.1.23782\\tools\\gnu too
 293              		.file 4 "Drivers/CMSIS/Device/ST/STM32F0xx/Include/system_stm32f0xx.h"
ARM GAS  C:\Users\15612\AppData\Local\Temp\ccdUai8P.s 			page 7


 294              		.file 5 "Drivers/CMSIS/Device/ST/STM32F0xx/Include/stm32f070x6.h"
 295              		.file 6 "Drivers/STM32F0xx_HAL_Driver/Inc/stm32f0xx_hal.h"
 296              		.file 7 "Bsp/inc/bsp_key.h"
 297              		.file 8 "Drivers/STM32F0xx_HAL_Driver/Inc/stm32f0xx_hal_gpio.h"
ARM GAS  C:\Users\15612\AppData\Local\Temp\ccdUai8P.s 			page 8


DEFINED SYMBOLS
                            *ABS*:00000000 bsp_key.c
C:\Users\15612\AppData\Local\Temp\ccdUai8P.s:16     .text.bsp_keyScan_20ms:00000000 $t
C:\Users\15612\AppData\Local\Temp\ccdUai8P.s:24     .text.bsp_keyScan_20ms:00000000 bsp_keyScan_20ms
C:\Users\15612\AppData\Local\Temp\ccdUai8P.s:202    .text.bsp_keyScan_20ms:000000c4 $d
C:\Users\15612\AppData\Local\Temp\ccdUai8P.s:227    .bss.clicCnt:00000000 clicCnt
C:\Users\15612\AppData\Local\Temp\ccdUai8P.s:287    .data.long_push_x20ms:00000000 long_push_x20ms
C:\Users\15612\AppData\Local\Temp\ccdUai8P.s:275    .data.clicTimeSpan_x20ms:00000000 clicTimeSpan_x20ms
C:\Users\15612\AppData\Local\Temp\ccdUai8P.s:233    .bss.key0LonClicFlag:00000000 key0LonClicFlag
C:\Users\15612\AppData\Local\Temp\ccdUai8P.s:245    .bss.key0TwoClicFlag:00000000 key0TwoClicFlag
C:\Users\15612\AppData\Local\Temp\ccdUai8P.s:239    .bss.key0OneClicFlag:00000000 key0OneClicFlag
C:\Users\15612\AppData\Local\Temp\ccdUai8P.s:251    .bss.key0Val:00000000 key0Val
C:\Users\15612\AppData\Local\Temp\ccdUai8P.s:228    .bss.clicCnt:00000000 $d
C:\Users\15612\AppData\Local\Temp\ccdUai8P.s:234    .bss.key0LonClicFlag:00000000 $d
C:\Users\15612\AppData\Local\Temp\ccdUai8P.s:240    .bss.key0OneClicFlag:00000000 $d
C:\Users\15612\AppData\Local\Temp\ccdUai8P.s:246    .bss.key0TwoClicFlag:00000000 $d
C:\Users\15612\AppData\Local\Temp\ccdUai8P.s:252    .bss.key0Val:00000000 $d
C:\Users\15612\AppData\Local\Temp\ccdUai8P.s:257    .bss.keyPushedFlag.6130:00000000 keyPushedFlag.6130
C:\Users\15612\AppData\Local\Temp\ccdUai8P.s:258    .bss.keyPushedFlag.6130:00000000 $d
C:\Users\15612\AppData\Local\Temp\ccdUai8P.s:263    .bss.push_time_x20ms.6129:00000000 push_time_x20ms.6129
C:\Users\15612\AppData\Local\Temp\ccdUai8P.s:264    .bss.push_time_x20ms.6129:00000000 $d
C:\Users\15612\AppData\Local\Temp\ccdUai8P.s:269    .bss.timeOutCnt.6128:00000000 timeOutCnt.6128
C:\Users\15612\AppData\Local\Temp\ccdUai8P.s:270    .bss.timeOutCnt.6128:00000000 $d
C:\Users\15612\AppData\Local\Temp\ccdUai8P.s:281    .data.key0ValPrevious.6127:00000000 key0ValPrevious.6127

UNDEFINED SYMBOLS
HAL_GPIO_ReadPin
