ARM GAS  C:\Users\15612\AppData\Local\Temp\ccHPS8Z5.s 			page 1


   1              		.cpu cortex-m0
   2              		.eabi_attribute 20, 1
   3              		.eabi_attribute 21, 1
   4              		.eabi_attribute 23, 3
   5              		.eabi_attribute 24, 1
   6              		.eabi_attribute 25, 1
   7              		.eabi_attribute 26, 1
   8              		.eabi_attribute 30, 1
   9              		.eabi_attribute 34, 0
  10              		.eabi_attribute 18, 4
  11              		.file	"bsp_uart.c"
  12              		.text
  13              	.Ltext0:
  14              		.cfi_sections	.debug_frame
  15              		.section	.text.uart_init,"ax",%progbits
  16              		.align	1
  17              		.global	uart_init
  18              		.arch armv6s-m
  19              		.syntax unified
  20              		.code	16
  21              		.thumb_func
  22              		.fpu softvfp
  24              	uart_init:
  25              	.LFB40:
  26              		.file 1 "Bsp/bsp_uart.c"
   1:Bsp/bsp_uart.c **** #include "usart.h"
   2:Bsp/bsp_uart.c **** #include "bsp_uart.h"
   3:Bsp/bsp_uart.c **** #include "user_main.h"
   4:Bsp/bsp_uart.c **** #include "bsp_led.h"
   5:Bsp/bsp_uart.c **** #include "string.h"
   6:Bsp/bsp_uart.c **** #include "bsp_delay.h"
   7:Bsp/bsp_uart.c **** //========================================================================
   8:Bsp/bsp_uart.c **** // 函数: 
   9:Bsp/bsp_uart.c **** // 描述: 串口相关.
  10:Bsp/bsp_uart.c **** // 参数: None.
  11:Bsp/bsp_uart.c **** // 返回: None.
  12:Bsp/bsp_uart.c **** //========================================================================
  13:Bsp/bsp_uart.c **** 
  14:Bsp/bsp_uart.c **** uint8_t uart2RxBuf[uart2MaxLen];
  15:Bsp/bsp_uart.c **** uint8_t uart2TxBuf[uart2MaxLen];
  16:Bsp/bsp_uart.c **** uint8_t uart2RxLen;
  17:Bsp/bsp_uart.c **** void uart_init()
  18:Bsp/bsp_uart.c **** {
  27              		.loc 1 18 1 view -0
  28              		.cfi_startproc
  29              		@ args = 0, pretend = 0, frame = 0
  30              		@ frame_needed = 0, uses_anonymous_args = 0
  31 0000 10B5     		push	{r4, lr}
  32              	.LCFI0:
  33              		.cfi_def_cfa_offset 8
  34              		.cfi_offset 4, -8
  35              		.cfi_offset 14, -4
  19:Bsp/bsp_uart.c **** 
  20:Bsp/bsp_uart.c **** 	HAL_UARTEx_ReceiveToIdle_DMA(&huart2,uart2RxBuf,uart2MaxLen);
  36              		.loc 1 20 2 view .LVU1
  37 0002 064C     		ldr	r4, .L2
  38 0004 4022     		movs	r2, #64
ARM GAS  C:\Users\15612\AppData\Local\Temp\ccHPS8Z5.s 			page 2


  39 0006 0649     		ldr	r1, .L2+4
  40 0008 2000     		movs	r0, r4
  41 000a FFF7FEFF 		bl	HAL_UARTEx_ReceiveToIdle_DMA
  42              	.LVL0:
  21:Bsp/bsp_uart.c **** 	__HAL_UART_ENABLE_IT(&huart2,UART_IT_IDLE);
  43              		.loc 1 21 2 view .LVU2
  44 000e 2268     		ldr	r2, [r4]
  45 0010 1368     		ldr	r3, [r2]
  46 0012 1021     		movs	r1, #16
  47 0014 0B43     		orrs	r3, r1
  48 0016 1360     		str	r3, [r2]
  22:Bsp/bsp_uart.c **** 	
  23:Bsp/bsp_uart.c **** }
  49              		.loc 1 23 1 is_stmt 0 view .LVU3
  50              		@ sp needed
  51 0018 10BD     		pop	{r4, pc}
  52              	.L3:
  53 001a C046     		.align	2
  54              	.L2:
  55 001c 00000000 		.word	huart2
  56 0020 00000000 		.word	uart2RxBuf
  57              		.cfi_endproc
  58              	.LFE40:
  60              		.section	.text.HAL_UARTEx_RxEventCallback,"ax",%progbits
  61              		.align	1
  62              		.global	HAL_UARTEx_RxEventCallback
  63              		.syntax unified
  64              		.code	16
  65              		.thumb_func
  66              		.fpu softvfp
  68              	HAL_UARTEx_RxEventCallback:
  69              	.LVL1:
  70              	.LFB41:
  24:Bsp/bsp_uart.c **** 
  25:Bsp/bsp_uart.c **** 
  26:Bsp/bsp_uart.c **** //串口接收完成中断回调函数
  27:Bsp/bsp_uart.c **** extern void pulseOut_uartRcvTask(void);
  28:Bsp/bsp_uart.c **** void HAL_UARTEx_RxEventCallback(UART_HandleTypeDef *huart, uint16_t Size)
  29:Bsp/bsp_uart.c **** {
  71              		.loc 1 29 1 is_stmt 1 view -0
  72              		.cfi_startproc
  73              		@ args = 0, pretend = 0, frame = 0
  74              		@ frame_needed = 0, uses_anonymous_args = 0
  75              		.loc 1 29 1 is_stmt 0 view .LVU5
  76 0000 10B5     		push	{r4, lr}
  77              	.LCFI1:
  78              		.cfi_def_cfa_offset 8
  79              		.cfi_offset 4, -8
  80              		.cfi_offset 14, -4
  81 0002 0C00     		movs	r4, r1
  30:Bsp/bsp_uart.c **** 	if (huart->Instance == USART2)
  82              		.loc 1 30 2 is_stmt 1 view .LVU6
  83              		.loc 1 30 5 is_stmt 0 view .LVU7
  84 0004 064B     		ldr	r3, .L7
  85 0006 0268     		ldr	r2, [r0]
  86 0008 9A42     		cmp	r2, r3
  87 000a 00D0     		beq	.L6
ARM GAS  C:\Users\15612\AppData\Local\Temp\ccHPS8Z5.s 			page 3


  88              	.LVL2:
  89              	.L4:
  31:Bsp/bsp_uart.c **** 	{
  32:Bsp/bsp_uart.c **** 		HAL_UARTEx_ReceiveToIdle_DMA(huart, uart2RxBuf, uart2MaxLen);
  33:Bsp/bsp_uart.c **** 		uart2RxLen = Size;
  34:Bsp/bsp_uart.c **** 		pulseOut_uartRcvTask();
  35:Bsp/bsp_uart.c **** 	}	
  36:Bsp/bsp_uart.c **** }
  90              		.loc 1 36 1 view .LVU8
  91              		@ sp needed
  92 000c 10BD     		pop	{r4, pc}
  93              	.LVL3:
  94              	.L6:
  32:Bsp/bsp_uart.c **** 		uart2RxLen = Size;
  95              		.loc 1 32 3 is_stmt 1 view .LVU9
  96 000e 4022     		movs	r2, #64
  97 0010 0449     		ldr	r1, .L7+4
  98              	.LVL4:
  32:Bsp/bsp_uart.c **** 		uart2RxLen = Size;
  99              		.loc 1 32 3 is_stmt 0 view .LVU10
 100 0012 FFF7FEFF 		bl	HAL_UARTEx_ReceiveToIdle_DMA
 101              	.LVL5:
  33:Bsp/bsp_uart.c **** 		pulseOut_uartRcvTask();
 102              		.loc 1 33 3 is_stmt 1 view .LVU11
  33:Bsp/bsp_uart.c **** 		pulseOut_uartRcvTask();
 103              		.loc 1 33 14 is_stmt 0 view .LVU12
 104 0016 044B     		ldr	r3, .L7+8
 105 0018 1C70     		strb	r4, [r3]
  34:Bsp/bsp_uart.c **** 	}	
 106              		.loc 1 34 3 is_stmt 1 view .LVU13
 107 001a FFF7FEFF 		bl	pulseOut_uartRcvTask
 108              	.LVL6:
 109              		.loc 1 36 1 is_stmt 0 view .LVU14
 110 001e F5E7     		b	.L4
 111              	.L8:
 112              		.align	2
 113              	.L7:
 114 0020 00440040 		.word	1073759232
 115 0024 00000000 		.word	uart2RxBuf
 116 0028 00000000 		.word	uart2RxLen
 117              		.cfi_endproc
 118              	.LFE41:
 120              		.section	.text.HAL_UART_ErrorCallback,"ax",%progbits
 121              		.align	1
 122              		.global	HAL_UART_ErrorCallback
 123              		.syntax unified
 124              		.code	16
 125              		.thumb_func
 126              		.fpu softvfp
 128              	HAL_UART_ErrorCallback:
 129              	.LVL7:
 130              	.LFB42:
  37:Bsp/bsp_uart.c **** 
  38:Bsp/bsp_uart.c **** void HAL_UART_ErrorCallback(UART_HandleTypeDef *huart)
  39:Bsp/bsp_uart.c **** {
 131              		.loc 1 39 1 is_stmt 1 view -0
 132              		.cfi_startproc
ARM GAS  C:\Users\15612\AppData\Local\Temp\ccHPS8Z5.s 			page 4


 133              		@ args = 0, pretend = 0, frame = 0
 134              		@ frame_needed = 0, uses_anonymous_args = 0
 135              		.loc 1 39 1 is_stmt 0 view .LVU16
 136 0000 10B5     		push	{r4, lr}
 137              	.LCFI2:
 138              		.cfi_def_cfa_offset 8
 139              		.cfi_offset 4, -8
 140              		.cfi_offset 14, -4
  40:Bsp/bsp_uart.c **** 
  41:Bsp/bsp_uart.c **** 		MX_USART2_UART_Init();
 141              		.loc 1 41 3 is_stmt 1 view .LVU17
 142 0002 FFF7FEFF 		bl	MX_USART2_UART_Init
 143              	.LVL8:
  42:Bsp/bsp_uart.c **** 		uart_init();
 144              		.loc 1 42 3 view .LVU18
 145 0006 FFF7FEFF 		bl	uart_init
 146              	.LVL9:
  43:Bsp/bsp_uart.c **** 		delay_ms(20);
 147              		.loc 1 43 3 view .LVU19
 148 000a 1420     		movs	r0, #20
 149 000c FFF7FEFF 		bl	delay_ms
 150              	.LVL10:
  44:Bsp/bsp_uart.c **** }
 151              		.loc 1 44 1 is_stmt 0 view .LVU20
 152              		@ sp needed
 153 0010 10BD     		pop	{r4, pc}
 154              		.cfi_endproc
 155              	.LFE42:
 157              		.section	.text.uartPrintString,"ax",%progbits
 158              		.align	1
 159              		.global	uartPrintString
 160              		.syntax unified
 161              		.code	16
 162              		.thumb_func
 163              		.fpu softvfp
 165              	uartPrintString:
 166              	.LVL11:
 167              	.LFB43:
  45:Bsp/bsp_uart.c **** void uartPrintString(UART_HandleTypeDef *huart, char* str)
  46:Bsp/bsp_uart.c **** {
 168              		.loc 1 46 1 is_stmt 1 view -0
 169              		.cfi_startproc
 170              		@ args = 0, pretend = 0, frame = 0
 171              		@ frame_needed = 0, uses_anonymous_args = 0
 172              		.loc 1 46 1 is_stmt 0 view .LVU22
 173 0000 70B5     		push	{r4, r5, r6, lr}
 174              	.LCFI3:
 175              		.cfi_def_cfa_offset 16
 176              		.cfi_offset 4, -16
 177              		.cfi_offset 5, -12
 178              		.cfi_offset 6, -8
 179              		.cfi_offset 14, -4
 180 0002 0500     		movs	r5, r0
 181 0004 0C00     		movs	r4, r1
  47:Bsp/bsp_uart.c **** 	if(huart->Instance == USART2)
 182              		.loc 1 47 2 is_stmt 1 view .LVU23
 183              		.loc 1 47 4 is_stmt 0 view .LVU24
ARM GAS  C:\Users\15612\AppData\Local\Temp\ccHPS8Z5.s 			page 5


 184 0006 0D4B     		ldr	r3, .L16
 185 0008 0268     		ldr	r2, [r0]
 186 000a 9A42     		cmp	r2, r3
 187 000c 00D0     		beq	.L15
 188              	.LVL12:
 189              	.L10:
  48:Bsp/bsp_uart.c **** 	{
  49:Bsp/bsp_uart.c **** 		memset(uart2TxBuf,0,uart2MaxLen);
  50:Bsp/bsp_uart.c **** 		uint8_t i = 0;
  51:Bsp/bsp_uart.c **** 		for (; (i < uart2MaxLen) && (str[i]!=0); i++)
  52:Bsp/bsp_uart.c **** 		{
  53:Bsp/bsp_uart.c **** 			uart2TxBuf[i]=str[i];
  54:Bsp/bsp_uart.c **** 		}		
  55:Bsp/bsp_uart.c **** 		HAL_UART_Transmit_DMA(huart,(uint8_t *)&uart2TxBuf[0], i);
  56:Bsp/bsp_uart.c **** 	}
  57:Bsp/bsp_uart.c **** 
  58:Bsp/bsp_uart.c **** }
 190              		.loc 1 58 1 view .LVU25
 191              		@ sp needed
 192              	.LVL13:
 193              	.LVL14:
 194              		.loc 1 58 1 view .LVU26
 195 000e 70BD     		pop	{r4, r5, r6, pc}
 196              	.LVL15:
 197              	.L15:
 198              	.LBB2:
  49:Bsp/bsp_uart.c **** 		uint8_t i = 0;
 199              		.loc 1 49 3 is_stmt 1 view .LVU27
 200 0010 4022     		movs	r2, #64
 201 0012 0021     		movs	r1, #0
 202              	.LVL16:
  49:Bsp/bsp_uart.c **** 		uint8_t i = 0;
 203              		.loc 1 49 3 is_stmt 0 view .LVU28
 204 0014 0A48     		ldr	r0, .L16+4
 205              	.LVL17:
  49:Bsp/bsp_uart.c **** 		uint8_t i = 0;
 206              		.loc 1 49 3 view .LVU29
 207 0016 FFF7FEFF 		bl	memset
 208              	.LVL18:
  50:Bsp/bsp_uart.c **** 		for (; (i < uart2MaxLen) && (str[i]!=0); i++)
 209              		.loc 1 50 3 is_stmt 1 view .LVU30
  51:Bsp/bsp_uart.c **** 		{
 210              		.loc 1 51 3 view .LVU31
  50:Bsp/bsp_uart.c **** 		for (; (i < uart2MaxLen) && (str[i]!=0); i++)
 211              		.loc 1 50 11 is_stmt 0 view .LVU32
 212 001a 0022     		movs	r2, #0
  51:Bsp/bsp_uart.c **** 		{
 213              		.loc 1 51 3 view .LVU33
 214 001c 03E0     		b	.L12
 215              	.LVL19:
 216              	.L14:
  53:Bsp/bsp_uart.c **** 		}		
 217              		.loc 1 53 4 is_stmt 1 discriminator 3 view .LVU34
  53:Bsp/bsp_uart.c **** 		}		
 218              		.loc 1 53 17 is_stmt 0 discriminator 3 view .LVU35
 219 001e 0849     		ldr	r1, .L16+4
 220 0020 8B54     		strb	r3, [r1, r2]
ARM GAS  C:\Users\15612\AppData\Local\Temp\ccHPS8Z5.s 			page 6


  51:Bsp/bsp_uart.c **** 		{
 221              		.loc 1 51 44 is_stmt 1 discriminator 3 view .LVU36
  51:Bsp/bsp_uart.c **** 		{
 222              		.loc 1 51 45 is_stmt 0 discriminator 3 view .LVU37
 223 0022 0132     		adds	r2, r2, #1
 224              	.LVL20:
  51:Bsp/bsp_uart.c **** 		{
 225              		.loc 1 51 45 discriminator 3 view .LVU38
 226 0024 D2B2     		uxtb	r2, r2
 227              	.LVL21:
 228              	.L12:
  51:Bsp/bsp_uart.c **** 		{
 229              		.loc 1 51 10 is_stmt 1 discriminator 1 view .LVU39
  51:Bsp/bsp_uart.c **** 		{
 230              		.loc 1 51 3 is_stmt 0 discriminator 1 view .LVU40
 231 0026 3F2A     		cmp	r2, #63
 232 0028 02D8     		bhi	.L13
  51:Bsp/bsp_uart.c **** 		{
 233              		.loc 1 51 35 discriminator 2 view .LVU41
 234 002a A35C     		ldrb	r3, [r4, r2]
  51:Bsp/bsp_uart.c **** 		{
 235              		.loc 1 51 28 discriminator 2 view .LVU42
 236 002c 002B     		cmp	r3, #0
 237 002e F6D1     		bne	.L14
 238              	.L13:
  55:Bsp/bsp_uart.c **** 	}
 239              		.loc 1 55 3 is_stmt 1 view .LVU43
 240 0030 92B2     		uxth	r2, r2
 241              	.LVL22:
  55:Bsp/bsp_uart.c **** 	}
 242              		.loc 1 55 3 is_stmt 0 view .LVU44
 243 0032 0349     		ldr	r1, .L16+4
 244 0034 2800     		movs	r0, r5
 245 0036 FFF7FEFF 		bl	HAL_UART_Transmit_DMA
 246              	.LVL23:
 247              	.LBE2:
 248              		.loc 1 58 1 view .LVU45
 249 003a E8E7     		b	.L10
 250              	.L17:
 251              		.align	2
 252              	.L16:
 253 003c 00440040 		.word	1073759232
 254 0040 00000000 		.word	uart2TxBuf
 255              		.cfi_endproc
 256              	.LFE43:
 258              		.comm	uart2RxLen,1,1
 259              		.comm	uart2TxBuf,64,4
 260              		.comm	uart2RxBuf,64,4
 261              		.text
 262              	.Letext0:
 263              		.file 2 "c:\\tools\\gd\\embeddedbuilder_v1.4.1.23782\\embeddedbuilder_v1.4.1.23782\\tools\\gnu too
 264              		.file 3 "c:\\tools\\gd\\embeddedbuilder_v1.4.1.23782\\embeddedbuilder_v1.4.1.23782\\tools\\gnu too
 265              		.file 4 "Drivers/CMSIS/Device/ST/STM32F0xx/Include/system_stm32f0xx.h"
 266              		.file 5 "Drivers/CMSIS/Device/ST/STM32F0xx/Include/stm32f070x6.h"
 267              		.file 6 "Drivers/STM32F0xx_HAL_Driver/Inc/stm32f0xx_hal_def.h"
 268              		.file 7 "Drivers/STM32F0xx_HAL_Driver/Inc/stm32f0xx_hal_dma.h"
 269              		.file 8 "Drivers/STM32F0xx_HAL_Driver/Inc/stm32f0xx_hal_uart.h"
ARM GAS  C:\Users\15612\AppData\Local\Temp\ccHPS8Z5.s 			page 7


 270              		.file 9 "Drivers/STM32F0xx_HAL_Driver/Inc/stm32f0xx_hal.h"
 271              		.file 10 "Core/Inc/usart.h"
 272              		.file 11 "Bsp/inc/bsp_uart.h"
 273              		.file 12 "Bsp/inc/bsp_led.h"
 274              		.file 13 "c:\\tools\\gd\\embeddedbuilder_v1.4.1.23782\\embeddedbuilder_v1.4.1.23782\\tools\\gnu to
 275              		.file 14 "c:\\tools\\gd\\embeddedbuilder_v1.4.1.23782\\embeddedbuilder_v1.4.1.23782\\tools\\gnu to
 276              		.file 15 "c:\\tools\\gd\\embeddedbuilder_v1.4.1.23782\\embeddedbuilder_v1.4.1.23782\\tools\\gnu to
 277              		.file 16 "c:\\tools\\gd\\embeddedbuilder_v1.4.1.23782\\embeddedbuilder_v1.4.1.23782\\tools\\gnu to
 278              		.file 17 "Bsp/inc/bsp_delay.h"
 279              		.file 18 "Drivers/STM32F0xx_HAL_Driver/Inc/stm32f0xx_hal_uart_ex.h"
 280              		.file 19 "<built-in>"
ARM GAS  C:\Users\15612\AppData\Local\Temp\ccHPS8Z5.s 			page 8


DEFINED SYMBOLS
                            *ABS*:00000000 bsp_uart.c
C:\Users\15612\AppData\Local\Temp\ccHPS8Z5.s:16     .text.uart_init:00000000 $t
C:\Users\15612\AppData\Local\Temp\ccHPS8Z5.s:24     .text.uart_init:00000000 uart_init
C:\Users\15612\AppData\Local\Temp\ccHPS8Z5.s:55     .text.uart_init:0000001c $d
                            *COM*:00000040 uart2RxBuf
C:\Users\15612\AppData\Local\Temp\ccHPS8Z5.s:61     .text.HAL_UARTEx_RxEventCallback:00000000 $t
C:\Users\15612\AppData\Local\Temp\ccHPS8Z5.s:68     .text.HAL_UARTEx_RxEventCallback:00000000 HAL_UARTEx_RxEventCallback
C:\Users\15612\AppData\Local\Temp\ccHPS8Z5.s:114    .text.HAL_UARTEx_RxEventCallback:00000020 $d
                            *COM*:00000001 uart2RxLen
C:\Users\15612\AppData\Local\Temp\ccHPS8Z5.s:121    .text.HAL_UART_ErrorCallback:00000000 $t
C:\Users\15612\AppData\Local\Temp\ccHPS8Z5.s:128    .text.HAL_UART_ErrorCallback:00000000 HAL_UART_ErrorCallback
C:\Users\15612\AppData\Local\Temp\ccHPS8Z5.s:158    .text.uartPrintString:00000000 $t
C:\Users\15612\AppData\Local\Temp\ccHPS8Z5.s:165    .text.uartPrintString:00000000 uartPrintString
C:\Users\15612\AppData\Local\Temp\ccHPS8Z5.s:253    .text.uartPrintString:0000003c $d
                            *COM*:00000040 uart2TxBuf

UNDEFINED SYMBOLS
HAL_UARTEx_ReceiveToIdle_DMA
huart2
pulseOut_uartRcvTask
MX_USART2_UART_Init
delay_ms
memset
HAL_UART_Transmit_DMA
