ARM GAS  C:\Users\15612\AppData\Local\Temp\ccSeOmZU.s 			page 1


   1              		.cpu cortex-m0
   2              		.eabi_attribute 20, 1
   3              		.eabi_attribute 21, 1
   4              		.eabi_attribute 23, 3
   5              		.eabi_attribute 24, 1
   6              		.eabi_attribute 25, 1
   7              		.eabi_attribute 26, 1
   8              		.eabi_attribute 30, 1
   9              		.eabi_attribute 34, 0
  10              		.eabi_attribute 18, 4
  11              		.file	"bsp_flash.c"
  12              		.text
  13              	.Ltext0:
  14              		.cfi_sections	.debug_frame
  15              		.section	.text.FLASH_ReadHalfWord,"ax",%progbits
  16              		.align	1
  17              		.global	FLASH_ReadHalfWord
  18              		.arch armv6s-m
  19              		.syntax unified
  20              		.code	16
  21              		.thumb_func
  22              		.fpu softvfp
  24              	FLASH_ReadHalfWord:
  25              	.LVL0:
  26              	.LFB40:
  27              		.file 1 "Bsp/bsp_flash.c"
   1:Bsp/bsp_flash.c **** #include "bsp_flash.h"
   2:Bsp/bsp_flash.c **** #include "stm32f0xx_hal_flash.h"
   3:Bsp/bsp_flash.c **** 
   4:Bsp/bsp_flash.c **** 
   5:Bsp/bsp_flash.c **** //读取指定地址的半字(16位数据)
   6:Bsp/bsp_flash.c **** //也是按照半字读出，即每次读2个字节数据返回
   7:Bsp/bsp_flash.c **** uint16_t FLASH_ReadHalfWord(uint32_t address)
   8:Bsp/bsp_flash.c **** {   
  28              		.loc 1 8 1 view -0
  29              		.cfi_startproc
  30              		@ args = 0, pretend = 0, frame = 0
  31              		@ frame_needed = 0, uses_anonymous_args = 0
  32              		@ link register save eliminated.
   9:Bsp/bsp_flash.c **** 	return *(__IO uint16_t*)address; 
  33              		.loc 1 9 2 view .LVU1
  34              		.loc 1 9 9 is_stmt 0 view .LVU2
  35 0000 0088     		ldrh	r0, [r0]
  36              	.LVL1:
  37              		.loc 1 9 9 view .LVU3
  38 0002 80B2     		uxth	r0, r0
  10:Bsp/bsp_flash.c **** }
  39              		.loc 1 10 1 view .LVU4
  40              		@ sp needed
  41 0004 7047     		bx	lr
  42              		.cfi_endproc
  43              	.LFE40:
  45              		.section	.text.bsp_FlashPageErase,"ax",%progbits
  46              		.align	1
  47              		.global	bsp_FlashPageErase
  48              		.syntax unified
  49              		.code	16
ARM GAS  C:\Users\15612\AppData\Local\Temp\ccSeOmZU.s 			page 2


  50              		.thumb_func
  51              		.fpu softvfp
  53              	bsp_FlashPageErase:
  54              	.LVL2:
  55              	.LFB41:
  11:Bsp/bsp_flash.c **** void bsp_FlashPageErase(uint32_t PageAddress)
  12:Bsp/bsp_flash.c **** {
  56              		.loc 1 12 1 is_stmt 1 view -0
  57              		.cfi_startproc
  58              		@ args = 0, pretend = 0, frame = 16
  59              		@ frame_needed = 0, uses_anonymous_args = 0
  60              		.loc 1 12 1 is_stmt 0 view .LVU6
  61 0000 00B5     		push	{lr}
  62              	.LCFI0:
  63              		.cfi_def_cfa_offset 4
  64              		.cfi_offset 14, -4
  65 0002 85B0     		sub	sp, sp, #20
  66              	.LCFI1:
  67              		.cfi_def_cfa_offset 24
  13:Bsp/bsp_flash.c **** 	FLASH_EraseInitTypeDef EraseInitStruct;
  68              		.loc 1 13 2 is_stmt 1 view .LVU7
  14:Bsp/bsp_flash.c **** 	EraseInitStruct.TypeErase = FLASH_TYPEERASE_PAGES;
  69              		.loc 1 14 2 view .LVU8
  70              		.loc 1 14 28 is_stmt 0 view .LVU9
  71 0004 0023     		movs	r3, #0
  72 0006 0193     		str	r3, [sp, #4]
  15:Bsp/bsp_flash.c **** 	EraseInitStruct.PageAddress = PageAddress;//目标page所在空间首地址
  73              		.loc 1 15 2 is_stmt 1 view .LVU10
  74              		.loc 1 15 30 is_stmt 0 view .LVU11
  75 0008 0290     		str	r0, [sp, #8]
  16:Bsp/bsp_flash.c **** 	EraseInitStruct.NbPages = 1;
  76              		.loc 1 16 2 is_stmt 1 view .LVU12
  77              		.loc 1 16 26 is_stmt 0 view .LVU13
  78 000a 0122     		movs	r2, #1
  79 000c 0392     		str	r2, [sp, #12]
  17:Bsp/bsp_flash.c **** 	uint32_t PageError=0;
  80              		.loc 1 17 2 is_stmt 1 view .LVU14
  81              		.loc 1 17 11 is_stmt 0 view .LVU15
  82 000e 0093     		str	r3, [sp]
  18:Bsp/bsp_flash.c **** 	while(HAL_FLASHEx_Erase(&EraseInitStruct, &PageError) != HAL_OK);
  83              		.loc 1 18 2 is_stmt 1 view .LVU16
  84              	.LVL3:
  85              	.L3:
  86              		.loc 1 18 66 discriminator 1 view .LVU17
  87              		.loc 1 18 7 discriminator 1 view .LVU18
  88              		.loc 1 18 8 is_stmt 0 discriminator 1 view .LVU19
  89 0010 6946     		mov	r1, sp
  90 0012 01A8     		add	r0, sp, #4
  91 0014 FFF7FEFF 		bl	HAL_FLASHEx_Erase
  92              	.LVL4:
  93              		.loc 1 18 7 discriminator 1 view .LVU20
  94 0018 0028     		cmp	r0, #0
  95 001a F9D1     		bne	.L3
  19:Bsp/bsp_flash.c **** 	
  20:Bsp/bsp_flash.c **** }
  96              		.loc 1 20 1 view .LVU21
  97 001c 05B0     		add	sp, sp, #20
ARM GAS  C:\Users\15612\AppData\Local\Temp\ccSeOmZU.s 			page 3


  98              		@ sp needed
  99 001e 00BD     		pop	{pc}
 100              		.cfi_endproc
 101              	.LFE41:
 103              		.section	.text.sysParmSave,"ax",%progbits
 104              		.align	1
 105              		.global	sysParmSave
 106              		.syntax unified
 107              		.code	16
 108              		.thumb_func
 109              		.fpu softvfp
 111              	sysParmSave:
 112              	.LFB42:
  21:Bsp/bsp_flash.c **** 
  22:Bsp/bsp_flash.c **** //要保存的数据
  23:Bsp/bsp_flash.c **** 
  24:Bsp/bsp_flash.c **** extern uint16_t laserTrigWidth;
  25:Bsp/bsp_flash.c **** extern uint16_t camTrigWidth;
  26:Bsp/bsp_flash.c **** extern int16_t camTrigPhase;
  27:Bsp/bsp_flash.c **** extern uint16_t pulseFrqMod;
  28:Bsp/bsp_flash.c **** void sysParmSave()
  29:Bsp/bsp_flash.c **** {
 113              		.loc 1 29 1 is_stmt 1 view -0
 114              		.cfi_startproc
 115              		@ args = 0, pretend = 0, frame = 0
 116              		@ frame_needed = 0, uses_anonymous_args = 0
 117 0000 10B5     		push	{r4, lr}
 118              	.LCFI2:
 119              		.cfi_def_cfa_offset 8
 120              		.cfi_offset 4, -8
 121              		.cfi_offset 14, -4
  30:Bsp/bsp_flash.c **** 	uint32_t ubase = userFlashBase;
 122              		.loc 1 30 2 view .LVU23
 123              	.LVL5:
  31:Bsp/bsp_flash.c **** 	
  32:Bsp/bsp_flash.c **** 	HAL_FLASH_Unlock();
 124              		.loc 1 32 2 view .LVU24
 125 0002 FFF7FEFF 		bl	HAL_FLASH_Unlock
 126              	.LVL6:
  33:Bsp/bsp_flash.c **** 	bsp_FlashPageErase(ubase);
 127              		.loc 1 33 2 view .LVU25
 128 0006 064C     		ldr	r4, .L5
 129 0008 2000     		movs	r0, r4
 130 000a FFF7FEFF 		bl	bsp_FlashPageErase
 131              	.LVL7:
  34:Bsp/bsp_flash.c **** 	HAL_FLASH_Program(FLASH_TYPEPROGRAM_HALFWORD,ubase,0xAAAA);
 132              		.loc 1 34 2 view .LVU26
 133 000e 054A     		ldr	r2, .L5+4
 134 0010 0023     		movs	r3, #0
 135 0012 2100     		movs	r1, r4
 136 0014 0120     		movs	r0, #1
 137 0016 FFF7FEFF 		bl	HAL_FLASH_Program
 138              	.LVL8:
  35:Bsp/bsp_flash.c **** 	ubase += 2;
 139              		.loc 1 35 2 view .LVU27
  36:Bsp/bsp_flash.c **** 	HAL_FLASH_Lock();
 140              		.loc 1 36 2 view .LVU28
ARM GAS  C:\Users\15612\AppData\Local\Temp\ccSeOmZU.s 			page 4


 141 001a FFF7FEFF 		bl	HAL_FLASH_Lock
 142              	.LVL9:
  37:Bsp/bsp_flash.c **** }
 143              		.loc 1 37 1 is_stmt 0 view .LVU29
 144              		@ sp needed
 145 001e 10BD     		pop	{r4, pc}
 146              	.L6:
 147              		.align	2
 148              	.L5:
 149 0020 00780008 		.word	134248448
 150 0024 AAAA0000 		.word	43690
 151              		.cfi_endproc
 152              	.LFE42:
 154              		.section	.text.sysParmReadFlash,"ax",%progbits
 155              		.align	1
 156              		.global	sysParmReadFlash
 157              		.syntax unified
 158              		.code	16
 159              		.thumb_func
 160              		.fpu softvfp
 162              	sysParmReadFlash:
 163              	.LFB43:
  38:Bsp/bsp_flash.c **** 
  39:Bsp/bsp_flash.c **** void sysParmReadFlash()
  40:Bsp/bsp_flash.c **** {
 164              		.loc 1 40 1 is_stmt 1 view -0
 165              		.cfi_startproc
 166              		@ args = 0, pretend = 0, frame = 0
 167              		@ frame_needed = 0, uses_anonymous_args = 0
 168 0000 10B5     		push	{r4, lr}
 169              	.LCFI3:
 170              		.cfi_def_cfa_offset 8
 171              		.cfi_offset 4, -8
 172              		.cfi_offset 14, -4
  41:Bsp/bsp_flash.c **** 		uint32_t ubase = userFlashBase;
 173              		.loc 1 41 3 view .LVU31
 174              	.LVL10:
  42:Bsp/bsp_flash.c **** 	if(FLASH_ReadHalfWord(userFlashBase) != 0xAAAA)
 175              		.loc 1 42 2 view .LVU32
 176              		.loc 1 42 5 is_stmt 0 view .LVU33
 177 0002 0F48     		ldr	r0, .L10
 178 0004 FFF7FEFF 		bl	FLASH_ReadHalfWord
 179              	.LVL11:
 180              		.loc 1 42 4 view .LVU34
 181 0008 0E4B     		ldr	r3, .L10+4
 182 000a 9842     		cmp	r0, r3
 183 000c 02D0     		beq	.L8
  43:Bsp/bsp_flash.c **** 	{//第一次读写
  44:Bsp/bsp_flash.c **** 		sysParmSave();
 184              		.loc 1 44 3 is_stmt 1 view .LVU35
 185 000e FFF7FEFF 		bl	sysParmSave
 186              	.LVL12:
 187              	.L7:
  45:Bsp/bsp_flash.c **** 
  46:Bsp/bsp_flash.c **** 	}
  47:Bsp/bsp_flash.c **** 	else
  48:Bsp/bsp_flash.c **** 	{
ARM GAS  C:\Users\15612\AppData\Local\Temp\ccSeOmZU.s 			page 5


  49:Bsp/bsp_flash.c **** 		ubase += 2;
  50:Bsp/bsp_flash.c **** 		laserTrigWidth = FLASH_ReadHalfWord(ubase);
  51:Bsp/bsp_flash.c **** 		ubase += 2;
  52:Bsp/bsp_flash.c **** 		camTrigWidth = FLASH_ReadHalfWord(ubase);
  53:Bsp/bsp_flash.c **** 		ubase += 2;
  54:Bsp/bsp_flash.c **** 		camTrigPhase = FLASH_ReadHalfWord(ubase);
  55:Bsp/bsp_flash.c **** 		ubase += 2;
  56:Bsp/bsp_flash.c **** 		pulseFrqMod = FLASH_ReadHalfWord(ubase);		
  57:Bsp/bsp_flash.c **** 	}
  58:Bsp/bsp_flash.c **** 
  59:Bsp/bsp_flash.c **** }
 188              		.loc 1 59 1 is_stmt 0 view .LVU36
 189              		@ sp needed
 190 0012 10BD     		pop	{r4, pc}
 191              	.LVL13:
 192              	.L8:
  49:Bsp/bsp_flash.c **** 		laserTrigWidth = FLASH_ReadHalfWord(ubase);
 193              		.loc 1 49 3 is_stmt 1 view .LVU37
  50:Bsp/bsp_flash.c **** 		ubase += 2;
 194              		.loc 1 50 3 view .LVU38
  50:Bsp/bsp_flash.c **** 		ubase += 2;
 195              		.loc 1 50 20 is_stmt 0 view .LVU39
 196 0014 0C48     		ldr	r0, .L10+8
 197 0016 FFF7FEFF 		bl	FLASH_ReadHalfWord
 198              	.LVL14:
  50:Bsp/bsp_flash.c **** 		ubase += 2;
 199              		.loc 1 50 18 view .LVU40
 200 001a 0C4B     		ldr	r3, .L10+12
 201 001c 1880     		strh	r0, [r3]
  51:Bsp/bsp_flash.c **** 		camTrigWidth = FLASH_ReadHalfWord(ubase);
 202              		.loc 1 51 3 is_stmt 1 view .LVU41
 203              	.LVL15:
  52:Bsp/bsp_flash.c **** 		ubase += 2;
 204              		.loc 1 52 3 view .LVU42
  52:Bsp/bsp_flash.c **** 		ubase += 2;
 205              		.loc 1 52 18 is_stmt 0 view .LVU43
 206 001e 0C48     		ldr	r0, .L10+16
 207 0020 FFF7FEFF 		bl	FLASH_ReadHalfWord
 208              	.LVL16:
  52:Bsp/bsp_flash.c **** 		ubase += 2;
 209              		.loc 1 52 16 view .LVU44
 210 0024 0B4B     		ldr	r3, .L10+20
 211 0026 1880     		strh	r0, [r3]
  53:Bsp/bsp_flash.c **** 		camTrigPhase = FLASH_ReadHalfWord(ubase);
 212              		.loc 1 53 3 is_stmt 1 view .LVU45
 213              	.LVL17:
  54:Bsp/bsp_flash.c **** 		ubase += 2;
 214              		.loc 1 54 3 view .LVU46
  54:Bsp/bsp_flash.c **** 		ubase += 2;
 215              		.loc 1 54 18 is_stmt 0 view .LVU47
 216 0028 0B48     		ldr	r0, .L10+24
 217 002a FFF7FEFF 		bl	FLASH_ReadHalfWord
 218              	.LVL18:
  54:Bsp/bsp_flash.c **** 		ubase += 2;
 219              		.loc 1 54 16 view .LVU48
 220 002e 0B4B     		ldr	r3, .L10+28
 221 0030 1880     		strh	r0, [r3]
ARM GAS  C:\Users\15612\AppData\Local\Temp\ccSeOmZU.s 			page 6


  55:Bsp/bsp_flash.c **** 		pulseFrqMod = FLASH_ReadHalfWord(ubase);		
 222              		.loc 1 55 3 is_stmt 1 view .LVU49
 223              	.LVL19:
  56:Bsp/bsp_flash.c **** 	}
 224              		.loc 1 56 3 view .LVU50
  56:Bsp/bsp_flash.c **** 	}
 225              		.loc 1 56 17 is_stmt 0 view .LVU51
 226 0032 0B48     		ldr	r0, .L10+32
 227 0034 FFF7FEFF 		bl	FLASH_ReadHalfWord
 228              	.LVL20:
  56:Bsp/bsp_flash.c **** 	}
 229              		.loc 1 56 15 view .LVU52
 230 0038 0A4B     		ldr	r3, .L10+36
 231 003a 1880     		strh	r0, [r3]
 232              		.loc 1 59 1 view .LVU53
 233 003c E9E7     		b	.L7
 234              	.L11:
 235 003e C046     		.align	2
 236              	.L10:
 237 0040 00780008 		.word	134248448
 238 0044 AAAA0000 		.word	43690
 239 0048 02780008 		.word	134248450
 240 004c 00000000 		.word	laserTrigWidth
 241 0050 04780008 		.word	134248452
 242 0054 00000000 		.word	camTrigWidth
 243 0058 06780008 		.word	134248454
 244 005c 00000000 		.word	camTrigPhase
 245 0060 08780008 		.word	134248456
 246 0064 00000000 		.word	pulseFrqMod
 247              		.cfi_endproc
 248              	.LFE43:
 250              		.text
 251              	.Letext0:
 252              		.file 2 "c:\\tools\\gd\\embeddedbuilder_v1.4.1.23782\\embeddedbuilder_v1.4.1.23782\\tools\\gnu too
 253              		.file 3 "c:\\tools\\gd\\embeddedbuilder_v1.4.1.23782\\embeddedbuilder_v1.4.1.23782\\tools\\gnu too
 254              		.file 4 "Drivers/CMSIS/Device/ST/STM32F0xx/Include/system_stm32f0xx.h"
 255              		.file 5 "Drivers/STM32F0xx_HAL_Driver/Inc/stm32f0xx_hal_flash_ex.h"
 256              		.file 6 "Drivers/STM32F0xx_HAL_Driver/Inc/stm32f0xx_hal_def.h"
 257              		.file 7 "Drivers/STM32F0xx_HAL_Driver/Inc/stm32f0xx_hal.h"
 258              		.file 8 "Drivers/STM32F0xx_HAL_Driver/Inc/stm32f0xx_hal_flash.h"
ARM GAS  C:\Users\15612\AppData\Local\Temp\ccSeOmZU.s 			page 7


DEFINED SYMBOLS
                            *ABS*:00000000 bsp_flash.c
C:\Users\15612\AppData\Local\Temp\ccSeOmZU.s:16     .text.FLASH_ReadHalfWord:00000000 $t
C:\Users\15612\AppData\Local\Temp\ccSeOmZU.s:24     .text.FLASH_ReadHalfWord:00000000 FLASH_ReadHalfWord
C:\Users\15612\AppData\Local\Temp\ccSeOmZU.s:46     .text.bsp_FlashPageErase:00000000 $t
C:\Users\15612\AppData\Local\Temp\ccSeOmZU.s:53     .text.bsp_FlashPageErase:00000000 bsp_FlashPageErase
C:\Users\15612\AppData\Local\Temp\ccSeOmZU.s:104    .text.sysParmSave:00000000 $t
C:\Users\15612\AppData\Local\Temp\ccSeOmZU.s:111    .text.sysParmSave:00000000 sysParmSave
C:\Users\15612\AppData\Local\Temp\ccSeOmZU.s:149    .text.sysParmSave:00000020 $d
C:\Users\15612\AppData\Local\Temp\ccSeOmZU.s:155    .text.sysParmReadFlash:00000000 $t
C:\Users\15612\AppData\Local\Temp\ccSeOmZU.s:162    .text.sysParmReadFlash:00000000 sysParmReadFlash
C:\Users\15612\AppData\Local\Temp\ccSeOmZU.s:237    .text.sysParmReadFlash:00000040 $d

UNDEFINED SYMBOLS
HAL_FLASHEx_Erase
HAL_FLASH_Unlock
HAL_FLASH_Program
HAL_FLASH_Lock
laserTrigWidth
camTrigWidth
camTrigPhase
pulseFrqMod
