ARM GAS  C:\Users\15612\AppData\Local\Temp\ccvzCT6u.s 			page 1


   1              		.cpu cortex-m0
   2              		.eabi_attribute 20, 1
   3              		.eabi_attribute 21, 1
   4              		.eabi_attribute 23, 3
   5              		.eabi_attribute 24, 1
   6              		.eabi_attribute 25, 1
   7              		.eabi_attribute 26, 1
   8              		.eabi_attribute 30, 1
   9              		.eabi_attribute 34, 0
  10              		.eabi_attribute 18, 4
  11              		.file	"bsp_delay.c"
  12              		.text
  13              	.Ltext0:
  14              		.cfi_sections	.debug_frame
  15              		.global	__aeabi_uidiv
  16              		.section	.text.delay_init,"ax",%progbits
  17              		.align	1
  18              		.global	delay_init
  19              		.arch armv6s-m
  20              		.syntax unified
  21              		.code	16
  22              		.thumb_func
  23              		.fpu softvfp
  25              	delay_init:
  26              	.LFB40:
  27              		.file 1 "Bsp/bsp_delay.c"
   1:Bsp/bsp_delay.c **** #include "bsp_delay.h"
   2:Bsp/bsp_delay.c **** #include "main.h"
   3:Bsp/bsp_delay.c **** 
   4:Bsp/bsp_delay.c **** uint8_t fac_us = 0;
   5:Bsp/bsp_delay.c **** uint32_t fac_ms = 0;
   6:Bsp/bsp_delay.c **** 
   7:Bsp/bsp_delay.c **** void delay_init(void)
   8:Bsp/bsp_delay.c **** {
  28              		.loc 1 8 1 view -0
  29              		.cfi_startproc
  30              		@ args = 0, pretend = 0, frame = 0
  31              		@ frame_needed = 0, uses_anonymous_args = 0
  32 0000 10B5     		push	{r4, lr}
  33              	.LCFI0:
  34              		.cfi_def_cfa_offset 8
  35              		.cfi_offset 4, -8
  36              		.cfi_offset 14, -4
   9:Bsp/bsp_delay.c ****     fac_us = SystemCoreClock / 1000000;
  37              		.loc 1 9 5 view .LVU1
  38              		.loc 1 9 30 is_stmt 0 view .LVU2
  39 0002 084B     		ldr	r3, .L2
  40 0004 1C68     		ldr	r4, [r3]
  41 0006 0849     		ldr	r1, .L2+4
  42 0008 2000     		movs	r0, r4
  43 000a FFF7FEFF 		bl	__aeabi_uidiv
  44              	.LVL0:
  45              		.loc 1 9 12 view .LVU3
  46 000e 074B     		ldr	r3, .L2+8
  47 0010 1870     		strb	r0, [r3]
  10:Bsp/bsp_delay.c ****     fac_ms = SystemCoreClock / 1000;
  48              		.loc 1 10 5 is_stmt 1 view .LVU4
ARM GAS  C:\Users\15612\AppData\Local\Temp\ccvzCT6u.s 			page 2


  49              		.loc 1 10 30 is_stmt 0 view .LVU5
  50 0012 FA21     		movs	r1, #250
  51 0014 8900     		lsls	r1, r1, #2
  52 0016 2000     		movs	r0, r4
  53 0018 FFF7FEFF 		bl	__aeabi_uidiv
  54              	.LVL1:
  55              		.loc 1 10 12 view .LVU6
  56 001c 044B     		ldr	r3, .L2+12
  57 001e 1860     		str	r0, [r3]
  11:Bsp/bsp_delay.c **** 
  12:Bsp/bsp_delay.c **** }
  58              		.loc 1 12 1 view .LVU7
  59              		@ sp needed
  60 0020 10BD     		pop	{r4, pc}
  61              	.L3:
  62 0022 C046     		.align	2
  63              	.L2:
  64 0024 00000000 		.word	SystemCoreClock
  65 0028 40420F00 		.word	1000000
  66 002c 00000000 		.word	.LANCHOR0
  67 0030 00000000 		.word	.LANCHOR1
  68              		.cfi_endproc
  69              	.LFE40:
  71              		.section	.text.delay_us,"ax",%progbits
  72              		.align	1
  73              		.global	delay_us
  74              		.syntax unified
  75              		.code	16
  76              		.thumb_func
  77              		.fpu softvfp
  79              	delay_us:
  80              	.LVL2:
  81              	.LFB41:
  13:Bsp/bsp_delay.c **** 
  14:Bsp/bsp_delay.c **** void delay_us(uint16_t nus)
  15:Bsp/bsp_delay.c **** {
  82              		.loc 1 15 1 is_stmt 1 view -0
  83              		.cfi_startproc
  84              		@ args = 0, pretend = 0, frame = 0
  85              		@ frame_needed = 0, uses_anonymous_args = 0
  86              		.loc 1 15 1 is_stmt 0 view .LVU9
  87 0000 30B5     		push	{r4, r5, lr}
  88              	.LCFI1:
  89              		.cfi_def_cfa_offset 12
  90              		.cfi_offset 4, -12
  91              		.cfi_offset 5, -8
  92              		.cfi_offset 14, -4
  16:Bsp/bsp_delay.c ****     uint32_t ticks = 0;
  93              		.loc 1 16 5 is_stmt 1 view .LVU10
  94              	.LVL3:
  17:Bsp/bsp_delay.c ****     uint32_t told = 0;
  95              		.loc 1 17 5 view .LVU11
  18:Bsp/bsp_delay.c ****     uint32_t tnow = 0;
  96              		.loc 1 18 5 view .LVU12
  19:Bsp/bsp_delay.c ****     uint32_t tcnt = 0;
  97              		.loc 1 19 5 view .LVU13
  20:Bsp/bsp_delay.c ****     uint32_t reload = 0;
ARM GAS  C:\Users\15612\AppData\Local\Temp\ccvzCT6u.s 			page 3


  98              		.loc 1 20 5 view .LVU14
  21:Bsp/bsp_delay.c ****     reload = SysTick->LOAD;
  99              		.loc 1 21 5 view .LVU15
 100              		.loc 1 21 12 is_stmt 0 view .LVU16
 101 0002 0B4B     		ldr	r3, .L10
 102 0004 5D68     		ldr	r5, [r3, #4]
 103              	.LVL4:
  22:Bsp/bsp_delay.c ****     ticks = nus * fac_us;
 104              		.loc 1 22 5 is_stmt 1 view .LVU17
 105              		.loc 1 22 17 is_stmt 0 view .LVU18
 106 0006 0B4A     		ldr	r2, .L10+4
 107 0008 1278     		ldrb	r2, [r2]
 108 000a 5043     		muls	r0, r2
 109              	.LVL5:
  23:Bsp/bsp_delay.c ****     told = SysTick->VAL;
 110              		.loc 1 23 5 is_stmt 1 view .LVU19
 111              		.loc 1 23 10 is_stmt 0 view .LVU20
 112 000c 9B68     		ldr	r3, [r3, #8]
 113              	.LVL6:
  19:Bsp/bsp_delay.c ****     uint32_t reload = 0;
 114              		.loc 1 19 14 view .LVU21
 115 000e 0021     		movs	r1, #0
 116 0010 04E0     		b	.L8
 117              	.LVL7:
 118              	.L6:
  24:Bsp/bsp_delay.c ****     while (1)
  25:Bsp/bsp_delay.c ****     {
  26:Bsp/bsp_delay.c ****         tnow = SysTick->VAL;
  27:Bsp/bsp_delay.c ****         if (tnow != told)
  28:Bsp/bsp_delay.c ****         {
  29:Bsp/bsp_delay.c ****             if (tnow < told)
  30:Bsp/bsp_delay.c ****             {
  31:Bsp/bsp_delay.c ****                 tcnt += told - tnow;
  32:Bsp/bsp_delay.c ****             }
  33:Bsp/bsp_delay.c ****             else
  34:Bsp/bsp_delay.c ****             {
  35:Bsp/bsp_delay.c ****                 tcnt += reload - tnow + told;
 119              		.loc 1 35 17 is_stmt 1 view .LVU22
 120              		.loc 1 35 32 is_stmt 0 view .LVU23
 121 0012 EC1A     		subs	r4, r5, r3
 122              		.loc 1 35 39 view .LVU24
 123 0014 A218     		adds	r2, r4, r2
 124              	.LVL8:
 125              		.loc 1 35 22 view .LVU25
 126 0016 8918     		adds	r1, r1, r2
 127              	.LVL9:
 128              	.L7:
  36:Bsp/bsp_delay.c ****             }
  37:Bsp/bsp_delay.c ****             told = tnow;
 129              		.loc 1 37 13 is_stmt 1 view .LVU26
  38:Bsp/bsp_delay.c ****             if (tcnt >= ticks)
 130              		.loc 1 38 13 view .LVU27
 131              		.loc 1 38 16 is_stmt 0 view .LVU28
 132 0018 8142     		cmp	r1, r0
 133 001a 08D2     		bcs	.L9
 134              	.LVL10:
 135              	.L8:
ARM GAS  C:\Users\15612\AppData\Local\Temp\ccvzCT6u.s 			page 4


  19:Bsp/bsp_delay.c ****     uint32_t reload = 0;
 136              		.loc 1 19 14 view .LVU29
 137 001c 1A00     		movs	r2, r3
 138              	.LVL11:
 139              	.L5:
  24:Bsp/bsp_delay.c ****     {
 140              		.loc 1 24 5 is_stmt 1 view .LVU30
  26:Bsp/bsp_delay.c ****         if (tnow != told)
 141              		.loc 1 26 9 view .LVU31
  26:Bsp/bsp_delay.c ****         if (tnow != told)
 142              		.loc 1 26 14 is_stmt 0 view .LVU32
 143 001e 044B     		ldr	r3, .L10
 144 0020 9B68     		ldr	r3, [r3, #8]
 145              	.LVL12:
  27:Bsp/bsp_delay.c ****         {
 146              		.loc 1 27 9 is_stmt 1 view .LVU33
  27:Bsp/bsp_delay.c ****         {
 147              		.loc 1 27 12 is_stmt 0 view .LVU34
 148 0022 9A42     		cmp	r2, r3
 149 0024 FBD0     		beq	.L5
  29:Bsp/bsp_delay.c ****             {
 150              		.loc 1 29 13 is_stmt 1 view .LVU35
  29:Bsp/bsp_delay.c ****             {
 151              		.loc 1 29 16 is_stmt 0 view .LVU36
 152 0026 F4D9     		bls	.L6
  31:Bsp/bsp_delay.c ****             }
 153              		.loc 1 31 17 is_stmt 1 view .LVU37
  31:Bsp/bsp_delay.c ****             }
 154              		.loc 1 31 30 is_stmt 0 view .LVU38
 155 0028 D21A     		subs	r2, r2, r3
 156              	.LVL13:
  31:Bsp/bsp_delay.c ****             }
 157              		.loc 1 31 22 view .LVU39
 158 002a 8918     		adds	r1, r1, r2
 159              	.LVL14:
  31:Bsp/bsp_delay.c ****             }
 160              		.loc 1 31 22 view .LVU40
 161 002c F4E7     		b	.L7
 162              	.LVL15:
 163              	.L9:
  39:Bsp/bsp_delay.c ****             {
  40:Bsp/bsp_delay.c ****                 break;
  41:Bsp/bsp_delay.c ****             }
  42:Bsp/bsp_delay.c ****         }
  43:Bsp/bsp_delay.c ****     }
  44:Bsp/bsp_delay.c **** }
 164              		.loc 1 44 1 view .LVU41
 165              		@ sp needed
 166              	.LVL16:
 167              		.loc 1 44 1 view .LVU42
 168 002e 30BD     		pop	{r4, r5, pc}
 169              	.L11:
 170              		.align	2
 171              	.L10:
 172 0030 10E000E0 		.word	-536813552
 173 0034 00000000 		.word	.LANCHOR0
 174              		.cfi_endproc
ARM GAS  C:\Users\15612\AppData\Local\Temp\ccvzCT6u.s 			page 5


 175              	.LFE41:
 177              		.section	.text.delay_ms,"ax",%progbits
 178              		.align	1
 179              		.global	delay_ms
 180              		.syntax unified
 181              		.code	16
 182              		.thumb_func
 183              		.fpu softvfp
 185              	delay_ms:
 186              	.LVL17:
 187              	.LFB42:
  45:Bsp/bsp_delay.c **** 
  46:Bsp/bsp_delay.c **** void delay_ms(uint16_t nms)
  47:Bsp/bsp_delay.c **** {
 188              		.loc 1 47 1 is_stmt 1 view -0
 189              		.cfi_startproc
 190              		@ args = 0, pretend = 0, frame = 0
 191              		@ frame_needed = 0, uses_anonymous_args = 0
 192              		.loc 1 47 1 is_stmt 0 view .LVU44
 193 0000 30B5     		push	{r4, r5, lr}
 194              	.LCFI2:
 195              		.cfi_def_cfa_offset 12
 196              		.cfi_offset 4, -12
 197              		.cfi_offset 5, -8
 198              		.cfi_offset 14, -4
  48:Bsp/bsp_delay.c ****     uint32_t ticks = 0;
 199              		.loc 1 48 5 is_stmt 1 view .LVU45
 200              	.LVL18:
  49:Bsp/bsp_delay.c ****     uint32_t told = 0;
 201              		.loc 1 49 5 view .LVU46
  50:Bsp/bsp_delay.c ****     uint32_t tnow = 0;
 202              		.loc 1 50 5 view .LVU47
  51:Bsp/bsp_delay.c ****     uint32_t tcnt = 0;
 203              		.loc 1 51 5 view .LVU48
  52:Bsp/bsp_delay.c ****     uint32_t reload = 0;
 204              		.loc 1 52 5 view .LVU49
  53:Bsp/bsp_delay.c ****     reload = SysTick->LOAD;
 205              		.loc 1 53 5 view .LVU50
 206              		.loc 1 53 12 is_stmt 0 view .LVU51
 207 0002 0B4A     		ldr	r2, .L18
 208 0004 5568     		ldr	r5, [r2, #4]
 209              	.LVL19:
  54:Bsp/bsp_delay.c ****     ticks = nms * fac_ms;
 210              		.loc 1 54 5 is_stmt 1 view .LVU52
 211              		.loc 1 54 17 is_stmt 0 view .LVU53
 212 0006 0B4B     		ldr	r3, .L18+4
 213 0008 1B68     		ldr	r3, [r3]
 214              		.loc 1 54 11 view .LVU54
 215 000a 5843     		muls	r0, r3
 216              	.LVL20:
  55:Bsp/bsp_delay.c ****     told = SysTick->VAL;
 217              		.loc 1 55 5 is_stmt 1 view .LVU55
 218              		.loc 1 55 10 is_stmt 0 view .LVU56
 219 000c 9368     		ldr	r3, [r2, #8]
 220              	.LVL21:
  51:Bsp/bsp_delay.c ****     uint32_t reload = 0;
 221              		.loc 1 51 14 view .LVU57
ARM GAS  C:\Users\15612\AppData\Local\Temp\ccvzCT6u.s 			page 6


 222 000e 0021     		movs	r1, #0
 223 0010 04E0     		b	.L16
 224              	.LVL22:
 225              	.L14:
  56:Bsp/bsp_delay.c ****     while (1)
  57:Bsp/bsp_delay.c ****     {
  58:Bsp/bsp_delay.c ****         tnow = SysTick->VAL;
  59:Bsp/bsp_delay.c ****         if (tnow != told)
  60:Bsp/bsp_delay.c ****         {
  61:Bsp/bsp_delay.c ****             if (tnow < told)
  62:Bsp/bsp_delay.c ****             {
  63:Bsp/bsp_delay.c ****                 tcnt += told - tnow;
  64:Bsp/bsp_delay.c ****             }
  65:Bsp/bsp_delay.c ****             else
  66:Bsp/bsp_delay.c ****             {
  67:Bsp/bsp_delay.c ****                 tcnt += reload - tnow + told;
 226              		.loc 1 67 17 is_stmt 1 view .LVU58
 227              		.loc 1 67 32 is_stmt 0 view .LVU59
 228 0012 EC1A     		subs	r4, r5, r3
 229              		.loc 1 67 39 view .LVU60
 230 0014 A218     		adds	r2, r4, r2
 231              	.LVL23:
 232              		.loc 1 67 22 view .LVU61
 233 0016 8918     		adds	r1, r1, r2
 234              	.LVL24:
 235              	.L15:
  68:Bsp/bsp_delay.c ****             }
  69:Bsp/bsp_delay.c ****             told = tnow;
 236              		.loc 1 69 13 is_stmt 1 view .LVU62
  70:Bsp/bsp_delay.c ****             if (tcnt >= ticks)
 237              		.loc 1 70 13 view .LVU63
 238              		.loc 1 70 16 is_stmt 0 view .LVU64
 239 0018 8142     		cmp	r1, r0
 240 001a 08D2     		bcs	.L17
 241              	.LVL25:
 242              	.L16:
  51:Bsp/bsp_delay.c ****     uint32_t reload = 0;
 243              		.loc 1 51 14 view .LVU65
 244 001c 1A00     		movs	r2, r3
 245              	.LVL26:
 246              	.L13:
  56:Bsp/bsp_delay.c ****     {
 247              		.loc 1 56 5 is_stmt 1 view .LVU66
  58:Bsp/bsp_delay.c ****         if (tnow != told)
 248              		.loc 1 58 9 view .LVU67
  58:Bsp/bsp_delay.c ****         if (tnow != told)
 249              		.loc 1 58 14 is_stmt 0 view .LVU68
 250 001e 044B     		ldr	r3, .L18
 251 0020 9B68     		ldr	r3, [r3, #8]
 252              	.LVL27:
  59:Bsp/bsp_delay.c ****         {
 253              		.loc 1 59 9 is_stmt 1 view .LVU69
  59:Bsp/bsp_delay.c ****         {
 254              		.loc 1 59 12 is_stmt 0 view .LVU70
 255 0022 9A42     		cmp	r2, r3
 256 0024 FBD0     		beq	.L13
  61:Bsp/bsp_delay.c ****             {
ARM GAS  C:\Users\15612\AppData\Local\Temp\ccvzCT6u.s 			page 7


 257              		.loc 1 61 13 is_stmt 1 view .LVU71
  61:Bsp/bsp_delay.c ****             {
 258              		.loc 1 61 16 is_stmt 0 view .LVU72
 259 0026 F4D9     		bls	.L14
  63:Bsp/bsp_delay.c ****             }
 260              		.loc 1 63 17 is_stmt 1 view .LVU73
  63:Bsp/bsp_delay.c ****             }
 261              		.loc 1 63 30 is_stmt 0 view .LVU74
 262 0028 D21A     		subs	r2, r2, r3
 263              	.LVL28:
  63:Bsp/bsp_delay.c ****             }
 264              		.loc 1 63 22 view .LVU75
 265 002a 8918     		adds	r1, r1, r2
 266              	.LVL29:
  63:Bsp/bsp_delay.c ****             }
 267              		.loc 1 63 22 view .LVU76
 268 002c F4E7     		b	.L15
 269              	.LVL30:
 270              	.L17:
  71:Bsp/bsp_delay.c ****             {
  72:Bsp/bsp_delay.c ****                 break;
  73:Bsp/bsp_delay.c ****             }
  74:Bsp/bsp_delay.c ****         }
  75:Bsp/bsp_delay.c ****     }
  76:Bsp/bsp_delay.c **** }
 271              		.loc 1 76 1 view .LVU77
 272              		@ sp needed
 273              	.LVL31:
 274              		.loc 1 76 1 view .LVU78
 275 002e 30BD     		pop	{r4, r5, pc}
 276              	.L19:
 277              		.align	2
 278              	.L18:
 279 0030 10E000E0 		.word	-536813552
 280 0034 00000000 		.word	.LANCHOR1
 281              		.cfi_endproc
 282              	.LFE42:
 284              		.global	fac_ms
 285              		.global	fac_us
 286              		.section	.bss.fac_ms,"aw",%nobits
 287              		.align	2
 288              		.set	.LANCHOR1,. + 0
 291              	fac_ms:
 292 0000 00000000 		.space	4
 293              		.section	.bss.fac_us,"aw",%nobits
 294              		.set	.LANCHOR0,. + 0
 297              	fac_us:
 298 0000 00       		.space	1
 299              		.text
 300              	.Letext0:
 301              		.file 2 "c:\\tools\\gd\\embeddedbuilder_v1.4.1.23782\\embeddedbuilder_v1.4.1.23782\\tools\\gnu too
 302              		.file 3 "c:\\tools\\gd\\embeddedbuilder_v1.4.1.23782\\embeddedbuilder_v1.4.1.23782\\tools\\gnu too
 303              		.file 4 "Drivers/CMSIS/Include/core_cm0.h"
 304              		.file 5 "Drivers/CMSIS/Device/ST/STM32F0xx/Include/system_stm32f0xx.h"
 305              		.file 6 "Drivers/STM32F0xx_HAL_Driver/Inc/stm32f0xx_hal.h"
ARM GAS  C:\Users\15612\AppData\Local\Temp\ccvzCT6u.s 			page 8


DEFINED SYMBOLS
                            *ABS*:00000000 bsp_delay.c
C:\Users\15612\AppData\Local\Temp\ccvzCT6u.s:17     .text.delay_init:00000000 $t
C:\Users\15612\AppData\Local\Temp\ccvzCT6u.s:25     .text.delay_init:00000000 delay_init
C:\Users\15612\AppData\Local\Temp\ccvzCT6u.s:64     .text.delay_init:00000024 $d
C:\Users\15612\AppData\Local\Temp\ccvzCT6u.s:72     .text.delay_us:00000000 $t
C:\Users\15612\AppData\Local\Temp\ccvzCT6u.s:79     .text.delay_us:00000000 delay_us
C:\Users\15612\AppData\Local\Temp\ccvzCT6u.s:172    .text.delay_us:00000030 $d
C:\Users\15612\AppData\Local\Temp\ccvzCT6u.s:178    .text.delay_ms:00000000 $t
C:\Users\15612\AppData\Local\Temp\ccvzCT6u.s:185    .text.delay_ms:00000000 delay_ms
C:\Users\15612\AppData\Local\Temp\ccvzCT6u.s:279    .text.delay_ms:00000030 $d
C:\Users\15612\AppData\Local\Temp\ccvzCT6u.s:291    .bss.fac_ms:00000000 fac_ms
C:\Users\15612\AppData\Local\Temp\ccvzCT6u.s:297    .bss.fac_us:00000000 fac_us
C:\Users\15612\AppData\Local\Temp\ccvzCT6u.s:287    .bss.fac_ms:00000000 $d
C:\Users\15612\AppData\Local\Temp\ccvzCT6u.s:298    .bss.fac_us:00000000 $d

UNDEFINED SYMBOLS
__aeabi_uidiv
SystemCoreClock
