ARM GAS  C:\Users\15612\AppData\Local\Temp\cc5HGxUA.s 			page 1


   1              		.cpu cortex-m0
   2              		.eabi_attribute 20, 1
   3              		.eabi_attribute 21, 1
   4              		.eabi_attribute 23, 3
   5              		.eabi_attribute 24, 1
   6              		.eabi_attribute 25, 1
   7              		.eabi_attribute 26, 1
   8              		.eabi_attribute 30, 1
   9              		.eabi_attribute 34, 0
  10              		.eabi_attribute 18, 4
  11              		.file	"gpio.c"
  12              		.text
  13              	.Ltext0:
  14              		.cfi_sections	.debug_frame
  15              		.section	.text.MX_GPIO_Init,"ax",%progbits
  16              		.align	1
  17              		.global	MX_GPIO_Init
  18              		.arch armv6s-m
  19              		.syntax unified
  20              		.code	16
  21              		.thumb_func
  22              		.fpu softvfp
  24              	MX_GPIO_Init:
  25              	.LFB40:
  26              		.file 1 "Core/Src/gpio.c"
   1:Core/Src/gpio.c **** /* USER CODE BEGIN Header */
   2:Core/Src/gpio.c **** /**
   3:Core/Src/gpio.c ****   ******************************************************************************
   4:Core/Src/gpio.c ****   * @file    gpio.c
   5:Core/Src/gpio.c ****   * @brief   This file provides code for the configuration
   6:Core/Src/gpio.c ****   *          of all used GPIO pins.
   7:Core/Src/gpio.c ****   ******************************************************************************
   8:Core/Src/gpio.c ****   * @attention
   9:Core/Src/gpio.c ****   *
  10:Core/Src/gpio.c ****   * Copyright (c) 2023 STMicroelectronics.
  11:Core/Src/gpio.c ****   * All rights reserved.
  12:Core/Src/gpio.c ****   *
  13:Core/Src/gpio.c ****   * This software is licensed under terms that can be found in the LICENSE file
  14:Core/Src/gpio.c ****   * in the root directory of this software component.
  15:Core/Src/gpio.c ****   * If no LICENSE file comes with this software, it is provided AS-IS.
  16:Core/Src/gpio.c ****   *
  17:Core/Src/gpio.c ****   ******************************************************************************
  18:Core/Src/gpio.c ****   */
  19:Core/Src/gpio.c **** /* USER CODE END Header */
  20:Core/Src/gpio.c **** 
  21:Core/Src/gpio.c **** /* Includes ------------------------------------------------------------------*/
  22:Core/Src/gpio.c **** #include "gpio.h"
  23:Core/Src/gpio.c **** 
  24:Core/Src/gpio.c **** /* USER CODE BEGIN 0 */
  25:Core/Src/gpio.c **** 
  26:Core/Src/gpio.c **** /* USER CODE END 0 */
  27:Core/Src/gpio.c **** 
  28:Core/Src/gpio.c **** /*----------------------------------------------------------------------------*/
  29:Core/Src/gpio.c **** /* Configure GPIO                                                             */
  30:Core/Src/gpio.c **** /*----------------------------------------------------------------------------*/
  31:Core/Src/gpio.c **** /* USER CODE BEGIN 1 */
  32:Core/Src/gpio.c **** 
ARM GAS  C:\Users\15612\AppData\Local\Temp\cc5HGxUA.s 			page 2


  33:Core/Src/gpio.c **** /* USER CODE END 1 */
  34:Core/Src/gpio.c **** 
  35:Core/Src/gpio.c **** /** Configure pins as
  36:Core/Src/gpio.c ****         * Analog
  37:Core/Src/gpio.c ****         * Input
  38:Core/Src/gpio.c ****         * Output
  39:Core/Src/gpio.c ****         * EVENT_OUT
  40:Core/Src/gpio.c ****         * EXTI
  41:Core/Src/gpio.c **** */
  42:Core/Src/gpio.c **** void MX_GPIO_Init(void)
  43:Core/Src/gpio.c **** {
  27              		.loc 1 43 1 view -0
  28              		.cfi_startproc
  29              		@ args = 0, pretend = 0, frame = 32
  30              		@ frame_needed = 0, uses_anonymous_args = 0
  31 0000 F0B5     		push	{r4, r5, r6, r7, lr}
  32              	.LCFI0:
  33              		.cfi_def_cfa_offset 20
  34              		.cfi_offset 4, -20
  35              		.cfi_offset 5, -16
  36              		.cfi_offset 6, -12
  37              		.cfi_offset 7, -8
  38              		.cfi_offset 14, -4
  39 0002 89B0     		sub	sp, sp, #36
  40              	.LCFI1:
  41              		.cfi_def_cfa_offset 56
  44:Core/Src/gpio.c **** 
  45:Core/Src/gpio.c ****   GPIO_InitTypeDef GPIO_InitStruct = {0};
  42              		.loc 1 45 3 view .LVU1
  43              		.loc 1 45 20 is_stmt 0 view .LVU2
  44 0004 1422     		movs	r2, #20
  45 0006 0021     		movs	r1, #0
  46 0008 03A8     		add	r0, sp, #12
  47 000a FFF7FEFF 		bl	memset
  48              	.LVL0:
  46:Core/Src/gpio.c **** 
  47:Core/Src/gpio.c ****   /* GPIO Ports Clock Enable */
  48:Core/Src/gpio.c ****   __HAL_RCC_GPIOF_CLK_ENABLE();
  49              		.loc 1 48 3 is_stmt 1 view .LVU3
  50              	.LBB2:
  51              		.loc 1 48 3 view .LVU4
  52              		.loc 1 48 3 view .LVU5
  53 000e 1D4B     		ldr	r3, .L2
  54 0010 5969     		ldr	r1, [r3, #20]
  55 0012 8020     		movs	r0, #128
  56 0014 C003     		lsls	r0, r0, #15
  57 0016 0143     		orrs	r1, r0
  58 0018 5961     		str	r1, [r3, #20]
  59              		.loc 1 48 3 view .LVU6
  60 001a 5A69     		ldr	r2, [r3, #20]
  61 001c 0240     		ands	r2, r0
  62 001e 0092     		str	r2, [sp]
  63              		.loc 1 48 3 view .LVU7
  64 0020 009A     		ldr	r2, [sp]
  65              	.LBE2:
  66              		.loc 1 48 3 view .LVU8
  49:Core/Src/gpio.c ****   __HAL_RCC_GPIOA_CLK_ENABLE();
ARM GAS  C:\Users\15612\AppData\Local\Temp\cc5HGxUA.s 			page 3


  67              		.loc 1 49 3 view .LVU9
  68              	.LBB3:
  69              		.loc 1 49 3 view .LVU10
  70              		.loc 1 49 3 view .LVU11
  71 0022 5969     		ldr	r1, [r3, #20]
  72 0024 8020     		movs	r0, #128
  73 0026 8002     		lsls	r0, r0, #10
  74 0028 0143     		orrs	r1, r0
  75 002a 5961     		str	r1, [r3, #20]
  76              		.loc 1 49 3 view .LVU12
  77 002c 5A69     		ldr	r2, [r3, #20]
  78 002e 0240     		ands	r2, r0
  79 0030 0192     		str	r2, [sp, #4]
  80              		.loc 1 49 3 view .LVU13
  81 0032 019A     		ldr	r2, [sp, #4]
  82              	.LBE3:
  83              		.loc 1 49 3 view .LVU14
  50:Core/Src/gpio.c ****   __HAL_RCC_GPIOB_CLK_ENABLE();
  84              		.loc 1 50 3 view .LVU15
  85              	.LBB4:
  86              		.loc 1 50 3 view .LVU16
  87              		.loc 1 50 3 view .LVU17
  88 0034 5A69     		ldr	r2, [r3, #20]
  89 0036 8021     		movs	r1, #128
  90 0038 C902     		lsls	r1, r1, #11
  91 003a 0A43     		orrs	r2, r1
  92 003c 5A61     		str	r2, [r3, #20]
  93              		.loc 1 50 3 view .LVU18
  94 003e 5B69     		ldr	r3, [r3, #20]
  95 0040 0B40     		ands	r3, r1
  96 0042 0293     		str	r3, [sp, #8]
  97              		.loc 1 50 3 view .LVU19
  98 0044 029B     		ldr	r3, [sp, #8]
  99              	.LBE4:
 100              		.loc 1 50 3 view .LVU20
  51:Core/Src/gpio.c **** 
  52:Core/Src/gpio.c ****   /*Configure GPIO pin Output Level */
  53:Core/Src/gpio.c ****   HAL_GPIO_WritePin(GPIOA, LED0_Pin|LED1_Pin, GPIO_PIN_RESET);
 101              		.loc 1 53 3 view .LVU21
 102 0046 8827     		movs	r7, #136
 103 0048 BF00     		lsls	r7, r7, #2
 104 004a 9024     		movs	r4, #144
 105 004c E405     		lsls	r4, r4, #23
 106 004e 0022     		movs	r2, #0
 107 0050 3900     		movs	r1, r7
 108 0052 2000     		movs	r0, r4
 109 0054 FFF7FEFF 		bl	HAL_GPIO_WritePin
 110              	.LVL1:
  54:Core/Src/gpio.c **** 
  55:Core/Src/gpio.c ****   /*Configure GPIO pins : PAPin PAPin */
  56:Core/Src/gpio.c ****   GPIO_InitStruct.Pin = PULSE_ENABLE_Pin|KEY0_Pin;
 111              		.loc 1 56 3 view .LVU22
 112              		.loc 1 56 23 is_stmt 0 view .LVU23
 113 0058 8223     		movs	r3, #130
 114 005a DB00     		lsls	r3, r3, #3
 115 005c 0393     		str	r3, [sp, #12]
  57:Core/Src/gpio.c ****   GPIO_InitStruct.Mode = GPIO_MODE_INPUT;
ARM GAS  C:\Users\15612\AppData\Local\Temp\cc5HGxUA.s 			page 4


 116              		.loc 1 57 3 is_stmt 1 view .LVU24
 117              		.loc 1 57 24 is_stmt 0 view .LVU25
 118 005e 0025     		movs	r5, #0
 119 0060 0495     		str	r5, [sp, #16]
  58:Core/Src/gpio.c ****   GPIO_InitStruct.Pull = GPIO_PULLUP;
 120              		.loc 1 58 3 is_stmt 1 view .LVU26
 121              		.loc 1 58 24 is_stmt 0 view .LVU27
 122 0062 0126     		movs	r6, #1
 123 0064 0596     		str	r6, [sp, #20]
  59:Core/Src/gpio.c ****   HAL_GPIO_Init(GPIOA, &GPIO_InitStruct);
 124              		.loc 1 59 3 is_stmt 1 view .LVU28
 125 0066 03A9     		add	r1, sp, #12
 126 0068 2000     		movs	r0, r4
 127 006a FFF7FEFF 		bl	HAL_GPIO_Init
 128              	.LVL2:
  60:Core/Src/gpio.c **** 
  61:Core/Src/gpio.c ****   /*Configure GPIO pins : PAPin PAPin */
  62:Core/Src/gpio.c ****   GPIO_InitStruct.Pin = LED0_Pin|LED1_Pin;
 129              		.loc 1 62 3 view .LVU29
 130              		.loc 1 62 23 is_stmt 0 view .LVU30
 131 006e 0397     		str	r7, [sp, #12]
  63:Core/Src/gpio.c ****   GPIO_InitStruct.Mode = GPIO_MODE_OUTPUT_PP;
 132              		.loc 1 63 3 is_stmt 1 view .LVU31
 133              		.loc 1 63 24 is_stmt 0 view .LVU32
 134 0070 0496     		str	r6, [sp, #16]
  64:Core/Src/gpio.c ****   GPIO_InitStruct.Pull = GPIO_NOPULL;
 135              		.loc 1 64 3 is_stmt 1 view .LVU33
 136              		.loc 1 64 24 is_stmt 0 view .LVU34
 137 0072 0595     		str	r5, [sp, #20]
  65:Core/Src/gpio.c ****   GPIO_InitStruct.Speed = GPIO_SPEED_FREQ_LOW;
 138              		.loc 1 65 3 is_stmt 1 view .LVU35
 139              		.loc 1 65 25 is_stmt 0 view .LVU36
 140 0074 0695     		str	r5, [sp, #24]
  66:Core/Src/gpio.c ****   HAL_GPIO_Init(GPIOA, &GPIO_InitStruct);
 141              		.loc 1 66 3 is_stmt 1 view .LVU37
 142 0076 03A9     		add	r1, sp, #12
 143 0078 2000     		movs	r0, r4
 144 007a FFF7FEFF 		bl	HAL_GPIO_Init
 145              	.LVL3:
  67:Core/Src/gpio.c **** 
  68:Core/Src/gpio.c **** }
 146              		.loc 1 68 1 is_stmt 0 view .LVU38
 147 007e 09B0     		add	sp, sp, #36
 148              		@ sp needed
 149 0080 F0BD     		pop	{r4, r5, r6, r7, pc}
 150              	.L3:
 151 0082 C046     		.align	2
 152              	.L2:
 153 0084 00100240 		.word	1073876992
 154              		.cfi_endproc
 155              	.LFE40:
 157              		.text
 158              	.Letext0:
 159              		.file 2 "c:\\tools\\gd\\embeddedbuilder_v1.4.1.23782\\embeddedbuilder_v1.4.1.23782\\tools\\gnu too
 160              		.file 3 "c:\\tools\\gd\\embeddedbuilder_v1.4.1.23782\\embeddedbuilder_v1.4.1.23782\\tools\\gnu too
 161              		.file 4 "Drivers/CMSIS/Device/ST/STM32F0xx/Include/system_stm32f0xx.h"
 162              		.file 5 "Drivers/CMSIS/Device/ST/STM32F0xx/Include/stm32f070x6.h"
ARM GAS  C:\Users\15612\AppData\Local\Temp\cc5HGxUA.s 			page 5


 163              		.file 6 "Drivers/STM32F0xx_HAL_Driver/Inc/stm32f0xx_hal_gpio.h"
 164              		.file 7 "Drivers/STM32F0xx_HAL_Driver/Inc/stm32f0xx_hal.h"
 165              		.file 8 "<built-in>"
ARM GAS  C:\Users\15612\AppData\Local\Temp\cc5HGxUA.s 			page 6


DEFINED SYMBOLS
                            *ABS*:00000000 gpio.c
C:\Users\15612\AppData\Local\Temp\cc5HGxUA.s:16     .text.MX_GPIO_Init:00000000 $t
C:\Users\15612\AppData\Local\Temp\cc5HGxUA.s:24     .text.MX_GPIO_Init:00000000 MX_GPIO_Init
C:\Users\15612\AppData\Local\Temp\cc5HGxUA.s:153    .text.MX_GPIO_Init:00000084 $d

UNDEFINED SYMBOLS
memset
HAL_GPIO_WritePin
HAL_GPIO_Init
