ARM GAS  C:\Users\15612\AppData\Local\Temp\cck1Ld55.s 			page 1


   1              		.cpu cortex-m0
   2              		.eabi_attribute 20, 1
   3              		.eabi_attribute 21, 1
   4              		.eabi_attribute 23, 3
   5              		.eabi_attribute 24, 1
   6              		.eabi_attribute 25, 1
   7              		.eabi_attribute 26, 1
   8              		.eabi_attribute 30, 1
   9              		.eabi_attribute 34, 0
  10              		.eabi_attribute 18, 4
  11              		.file	"pluseOut.c"
  12              		.text
  13              	.Ltext0:
  14              		.cfi_sections	.debug_frame
  15              		.section	.text.pluseOutInit,"ax",%progbits
  16              		.align	1
  17              		.global	pluseOutInit
  18              		.arch armv6s-m
  19              		.syntax unified
  20              		.code	16
  21              		.thumb_func
  22              		.fpu softvfp
  24              	pluseOutInit:
  25              	.LFB40:
  26              		.file 1 "UserApp/pluseOut.c"
   1:UserApp/pluseOut.c **** #include "pulseOut.h"
   2:UserApp/pluseOut.c **** #include "tim.h"
   3:UserApp/pluseOut.c **** #include "bsp_key.h"
   4:UserApp/pluseOut.c **** #include "bsp_led.h"
   5:UserApp/pluseOut.c **** #include "bsp_flash.h"
   6:UserApp/pluseOut.c **** #include "bsp_uart.h"
   7:UserApp/pluseOut.c **** #include "string.h"
   8:UserApp/pluseOut.c **** #include "math.h"
   9:UserApp/pluseOut.c **** #include "usart.h"
  10:UserApp/pluseOut.c **** 
  11:UserApp/pluseOut.c **** uint16_t pulseFrqMod = 0;
  12:UserApp/pluseOut.c **** #define pulseStop 0
  13:UserApp/pluseOut.c **** #define constON 1
  14:UserApp/pluseOut.c **** 
  15:UserApp/pluseOut.c **** /**
  16:UserApp/pluseOut.c ****  * @brief 初始化PWM
  17:UserApp/pluseOut.c **** */
  18:UserApp/pluseOut.c **** 
  19:UserApp/pluseOut.c **** void pluseOutInit()
  20:UserApp/pluseOut.c **** {
  27              		.loc 1 20 1 view -0
  28              		.cfi_startproc
  29              		@ args = 0, pretend = 0, frame = 0
  30              		@ frame_needed = 0, uses_anonymous_args = 0
  31 0000 10B5     		push	{r4, lr}
  32              	.LCFI0:
  33              		.cfi_def_cfa_offset 8
  34              		.cfi_offset 4, -8
  35              		.cfi_offset 14, -4
  21:UserApp/pluseOut.c **** 	__HAL_TIM_PRESCALER(&htim3,20);//1us
  36              		.loc 1 21 2 view .LVU1
  37 0002 0C4C     		ldr	r4, .L2
ARM GAS  C:\Users\15612\AppData\Local\Temp\cck1Ld55.s 			page 2


  38 0004 2368     		ldr	r3, [r4]
  39 0006 1422     		movs	r2, #20
  40 0008 9A62     		str	r2, [r3, #40]
  22:UserApp/pluseOut.c **** 	__HAL_TIM_SetAutoreload(&htim3,1000);
  41              		.loc 1 22 2 view .LVU2
  42              		.loc 1 22 2 view .LVU3
  43 000a FA22     		movs	r2, #250
  44 000c 9200     		lsls	r2, r2, #2
  45 000e DA62     		str	r2, [r3, #44]
  46              		.loc 1 22 2 view .LVU4
  47 0010 E260     		str	r2, [r4, #12]
  48              		.loc 1 22 2 view .LVU5
  23:UserApp/pluseOut.c **** 	__HAL_TIM_SetCompare(&htim3,TIM_CHANNEL_1,1000);//高电平时间
  49              		.loc 1 23 2 view .LVU6
  50 0012 5A63     		str	r2, [r3, #52]
  24:UserApp/pluseOut.c **** 	__HAL_TIM_SetCompare(&htim3,TIM_CHANNEL_2,0);//高电平时间		
  51              		.loc 1 24 2 view .LVU7
  52 0014 0022     		movs	r2, #0
  53 0016 9A63     		str	r2, [r3, #56]
  25:UserApp/pluseOut.c **** 	__HAL_TIM_SetCompare(&htim3,TIM_CHANNEL_4,0);//高电平时间
  54              		.loc 1 25 2 view .LVU8
  55 0018 1A64     		str	r2, [r3, #64]
  26:UserApp/pluseOut.c **** 
  27:UserApp/pluseOut.c **** 	HAL_TIM_PWM_Start(&htim3,TIM_CHANNEL_1);
  56              		.loc 1 27 2 view .LVU9
  57 001a 0021     		movs	r1, #0
  58 001c 2000     		movs	r0, r4
  59 001e FFF7FEFF 		bl	HAL_TIM_PWM_Start
  60              	.LVL0:
  28:UserApp/pluseOut.c **** 	HAL_TIM_PWM_Start(&htim3,TIM_CHANNEL_2);
  61              		.loc 1 28 2 view .LVU10
  62 0022 0421     		movs	r1, #4
  63 0024 2000     		movs	r0, r4
  64 0026 FFF7FEFF 		bl	HAL_TIM_PWM_Start
  65              	.LVL1:
  29:UserApp/pluseOut.c **** 	HAL_TIM_PWM_Start(&htim3,TIM_CHANNEL_4);
  66              		.loc 1 29 2 view .LVU11
  67 002a 0C21     		movs	r1, #12
  68 002c 2000     		movs	r0, r4
  69 002e FFF7FEFF 		bl	HAL_TIM_PWM_Start
  70              	.LVL2:
  30:UserApp/pluseOut.c **** }
  71              		.loc 1 30 1 is_stmt 0 view .LVU12
  72              		@ sp needed
  73 0032 10BD     		pop	{r4, pc}
  74              	.L3:
  75              		.align	2
  76              	.L2:
  77 0034 00000000 		.word	htim3
  78              		.cfi_endproc
  79              	.LFE40:
  81              		.section	.text.pulseOut_task,"ax",%progbits
  82              		.align	1
  83              		.global	pulseOut_task
  84              		.syntax unified
  85              		.code	16
  86              		.thumb_func
ARM GAS  C:\Users\15612\AppData\Local\Temp\cck1Ld55.s 			page 3


  87              		.fpu softvfp
  89              	pulseOut_task:
  90              	.LFB41:
  31:UserApp/pluseOut.c **** 
  32:UserApp/pluseOut.c **** 
  33:UserApp/pluseOut.c **** 
  34:UserApp/pluseOut.c **** 
  35:UserApp/pluseOut.c **** void pulseOut_task()
  36:UserApp/pluseOut.c **** {
  91              		.loc 1 36 1 is_stmt 1 view -0
  92              		.cfi_startproc
  93              		@ args = 0, pretend = 0, frame = 0
  94              		@ frame_needed = 0, uses_anonymous_args = 0
  95              		@ link register save eliminated.
  37:UserApp/pluseOut.c **** 	static bool key0OneClicFlag_previous = 0; 
  96              		.loc 1 37 2 view .LVU14
  38:UserApp/pluseOut.c **** 	static bool key0TwoClicFlag_previous = 0; 
  97              		.loc 1 38 2 view .LVU15
  39:UserApp/pluseOut.c **** 	static bool key0LonClicFlag_previous = 0; 
  98              		.loc 1 39 2 view .LVU16
  40:UserApp/pluseOut.c **** 	if (key0OneClicFlag_previous != key0OneClicFlag)//单击按键
  99              		.loc 1 40 2 view .LVU17
 100              		.loc 1 40 31 is_stmt 0 view .LVU18
 101 0000 114B     		ldr	r3, .L8
 102 0002 1A78     		ldrb	r2, [r3]
 103 0004 114B     		ldr	r3, .L8+4
 104 0006 1B78     		ldrb	r3, [r3]
 105              		.loc 1 40 5 view .LVU19
 106 0008 9A42     		cmp	r2, r3
 107 000a 14D0     		beq	.L5
  41:UserApp/pluseOut.c **** 	{
  42:UserApp/pluseOut.c **** 		key0OneClicFlag_previous = key0OneClicFlag;
 108              		.loc 1 42 3 is_stmt 1 view .LVU20
 109              		.loc 1 42 28 is_stmt 0 view .LVU21
 110 000c 0E4A     		ldr	r2, .L8
 111 000e 1370     		strb	r3, [r2]
  43:UserApp/pluseOut.c **** 		//单击按键想实现的功能
  44:UserApp/pluseOut.c **** 		if (key0OneClicFlag)
 112              		.loc 1 44 3 is_stmt 1 view .LVU22
 113              		.loc 1 44 6 is_stmt 0 view .LVU23
 114 0010 002B     		cmp	r3, #0
 115 0012 07D0     		beq	.L6
  45:UserApp/pluseOut.c **** 		{
  46:UserApp/pluseOut.c **** 			LED_MODE[LED0ID] = LEDconstON;
 116              		.loc 1 46 4 is_stmt 1 view .LVU24
 117              		.loc 1 46 21 is_stmt 0 view .LVU25
 118 0014 0E4B     		ldr	r3, .L8+8
 119 0016 0122     		movs	r2, #1
 120 0018 1A70     		strb	r2, [r3]
  47:UserApp/pluseOut.c **** 			__HAL_TIM_SetCompare(&htim3,TIM_CHANNEL_1,0);//高电平时间
 121              		.loc 1 47 4 is_stmt 1 view .LVU26
 122 001a 0E4B     		ldr	r3, .L8+12
 123 001c 1B68     		ldr	r3, [r3]
 124 001e 0022     		movs	r2, #0
 125 0020 5A63     		str	r2, [r3, #52]
 126              	.L4:
  48:UserApp/pluseOut.c **** 		}
ARM GAS  C:\Users\15612\AppData\Local\Temp\cck1Ld55.s 			page 4


  49:UserApp/pluseOut.c **** 		else
  50:UserApp/pluseOut.c **** 		{
  51:UserApp/pluseOut.c **** 			__HAL_TIM_SetCompare(&htim3,TIM_CHANNEL_1,1000);//高电平时间
  52:UserApp/pluseOut.c **** 			LED_MODE[LED0ID] = LEDconstOFF;
  53:UserApp/pluseOut.c **** 		}
  54:UserApp/pluseOut.c **** 	}
  55:UserApp/pluseOut.c **** 	else if (key0LonClicFlag_previous != key0LonClicFlag)//按键长按
  56:UserApp/pluseOut.c **** 	{
  57:UserApp/pluseOut.c **** 		key0LonClicFlag_previous = key0LonClicFlag;
  58:UserApp/pluseOut.c **** 	}
  59:UserApp/pluseOut.c **** 	else if(key0TwoClicFlag_previous != key0TwoClicFlag)//双击按键
  60:UserApp/pluseOut.c **** 	{
  61:UserApp/pluseOut.c **** 
  62:UserApp/pluseOut.c **** 	}
  63:UserApp/pluseOut.c **** }
 127              		.loc 1 63 1 is_stmt 0 view .LVU27
 128              		@ sp needed
 129 0022 7047     		bx	lr
 130              	.L6:
  51:UserApp/pluseOut.c **** 			LED_MODE[LED0ID] = LEDconstOFF;
 131              		.loc 1 51 4 is_stmt 1 view .LVU28
 132 0024 0B4B     		ldr	r3, .L8+12
 133 0026 1B68     		ldr	r3, [r3]
 134 0028 FA22     		movs	r2, #250
 135 002a 9200     		lsls	r2, r2, #2
 136 002c 5A63     		str	r2, [r3, #52]
  52:UserApp/pluseOut.c **** 		}
 137              		.loc 1 52 4 view .LVU29
  52:UserApp/pluseOut.c **** 		}
 138              		.loc 1 52 21 is_stmt 0 view .LVU30
 139 002e 084B     		ldr	r3, .L8+8
 140 0030 0022     		movs	r2, #0
 141 0032 1A70     		strb	r2, [r3]
 142 0034 F5E7     		b	.L4
 143              	.L5:
  55:UserApp/pluseOut.c **** 	{
 144              		.loc 1 55 7 is_stmt 1 view .LVU31
  55:UserApp/pluseOut.c **** 	{
 145              		.loc 1 55 36 is_stmt 0 view .LVU32
 146 0036 084B     		ldr	r3, .L8+16
 147 0038 1A78     		ldrb	r2, [r3]
 148 003a 084B     		ldr	r3, .L8+20
 149 003c 1B78     		ldrb	r3, [r3]
  55:UserApp/pluseOut.c **** 	{
 150              		.loc 1 55 10 view .LVU33
 151 003e 9A42     		cmp	r2, r3
 152 0040 EFD0     		beq	.L4
  57:UserApp/pluseOut.c **** 	}
 153              		.loc 1 57 3 is_stmt 1 view .LVU34
  57:UserApp/pluseOut.c **** 	}
 154              		.loc 1 57 28 is_stmt 0 view .LVU35
 155 0042 054A     		ldr	r2, .L8+16
 156 0044 1370     		strb	r3, [r2]
  62:UserApp/pluseOut.c **** }
 157              		.loc 1 62 2 is_stmt 1 view .LVU36
 158              		.loc 1 63 1 is_stmt 0 view .LVU37
 159 0046 ECE7     		b	.L4
ARM GAS  C:\Users\15612\AppData\Local\Temp\cck1Ld55.s 			page 5


 160              	.L9:
 161              		.align	2
 162              	.L8:
 163 0048 00000000 		.word	.LANCHOR0
 164 004c 00000000 		.word	key0OneClicFlag
 165 0050 00000000 		.word	LED_MODE
 166 0054 00000000 		.word	htim3
 167 0058 00000000 		.word	.LANCHOR1
 168 005c 00000000 		.word	key0LonClicFlag
 169              		.cfi_endproc
 170              	.LFE41:
 172              		.section	.text.powi,"ax",%progbits
 173              		.align	1
 174              		.global	powi
 175              		.syntax unified
 176              		.code	16
 177              		.thumb_func
 178              		.fpu softvfp
 180              	powi:
 181              	.LVL3:
 182              	.LFB42:
  64:UserApp/pluseOut.c **** 
  65:UserApp/pluseOut.c **** 
  66:UserApp/pluseOut.c **** 
  67:UserApp/pluseOut.c **** 
  68:UserApp/pluseOut.c **** int32_t powi(int32_t x,int32_t y)
  69:UserApp/pluseOut.c **** {
 183              		.loc 1 69 1 is_stmt 1 view -0
 184              		.cfi_startproc
 185              		@ args = 0, pretend = 0, frame = 0
 186              		@ frame_needed = 0, uses_anonymous_args = 0
 187              		@ link register save eliminated.
  70:UserApp/pluseOut.c **** 	if(y == 0)return 1;
 188              		.loc 1 70 2 view .LVU39
 189              		.loc 1 70 4 is_stmt 0 view .LVU40
 190 0000 0029     		cmp	r1, #0
 191 0002 09D0     		beq	.L14
  71:UserApp/pluseOut.c **** 	else if (y==1)return x;
 192              		.loc 1 71 7 is_stmt 1 view .LVU41
 193              		.loc 1 71 10 is_stmt 0 view .LVU42
 194 0004 0129     		cmp	r1, #1
 195 0006 06D0     		beq	.L10
 196              	.LBB2:
  72:UserApp/pluseOut.c **** 	else
  73:UserApp/pluseOut.c **** 	{
  74:UserApp/pluseOut.c **** 		for (uint8_t i = 1; i < y; i++)
 197              		.loc 1 74 16 view .LVU43
 198 0008 0123     		movs	r3, #1
 199 000a 02E0     		b	.L12
 200              	.LVL4:
 201              	.L13:
  75:UserApp/pluseOut.c **** 		{
  76:UserApp/pluseOut.c **** 			x = x*x;
 202              		.loc 1 76 4 is_stmt 1 discriminator 3 view .LVU44
 203              		.loc 1 76 6 is_stmt 0 discriminator 3 view .LVU45
 204 000c 4043     		muls	r0, r0
 205              	.LVL5:
ARM GAS  C:\Users\15612\AppData\Local\Temp\cck1Ld55.s 			page 6


  74:UserApp/pluseOut.c **** 		{
 206              		.loc 1 74 30 is_stmt 1 discriminator 3 view .LVU46
  74:UserApp/pluseOut.c **** 		{
 207              		.loc 1 74 31 is_stmt 0 discriminator 3 view .LVU47
 208 000e 0133     		adds	r3, r3, #1
 209              	.LVL6:
  74:UserApp/pluseOut.c **** 		{
 210              		.loc 1 74 31 discriminator 3 view .LVU48
 211 0010 DBB2     		uxtb	r3, r3
 212              	.LVL7:
 213              	.L12:
  74:UserApp/pluseOut.c **** 		{
 214              		.loc 1 74 23 is_stmt 1 discriminator 1 view .LVU49
  74:UserApp/pluseOut.c **** 		{
 215              		.loc 1 74 3 is_stmt 0 discriminator 1 view .LVU50
 216 0012 8B42     		cmp	r3, r1
 217 0014 FADB     		blt	.L13
 218              	.LVL8:
 219              	.L10:
  74:UserApp/pluseOut.c **** 		{
 220              		.loc 1 74 3 discriminator 1 view .LVU51
 221              	.LBE2:
  77:UserApp/pluseOut.c **** 		}
  78:UserApp/pluseOut.c **** 		return x;
  79:UserApp/pluseOut.c **** 	}
  80:UserApp/pluseOut.c **** }
 222              		.loc 1 80 1 view .LVU52
 223              		@ sp needed
 224 0016 7047     		bx	lr
 225              	.LVL9:
 226              	.L14:
  70:UserApp/pluseOut.c **** 	else if (y==1)return x;
 227              		.loc 1 70 19 view .LVU53
 228 0018 0120     		movs	r0, #1
 229              	.LVL10:
  70:UserApp/pluseOut.c **** 	else if (y==1)return x;
 230              		.loc 1 70 19 view .LVU54
 231 001a FCE7     		b	.L10
 232              		.cfi_endproc
 233              	.LFE42:
 235              		.section	.rodata.pulseOut_uartRcvTask.str1.4,"aMS",%progbits,1
 236              		.align	2
 237              	.LC9:
 238 0000 64697361 		.ascii	"disable output\000"
 238      626C6520 
 238      6F757470 
 238      757400
 239 000f 00       		.align	2
 240              	.LC12:
 241 0010 0D0A6F75 		.ascii	"\015\012output disabled!\000"
 241      74707574 
 241      20646973 
 241      61626C65 
 241      642100
 242 0023 00       		.align	2
 243              	.LC15:
 244 0024 636F6E73 		.ascii	"constON\000"
ARM GAS  C:\Users\15612\AppData\Local\Temp\cck1Ld55.s 			page 7


 244      744F4E00 
 245              		.align	2
 246              	.LC17:
 247 002c 0D0A6F6B 		.ascii	"\015\012ok!\000"
 247      2100
 248              		.section	.text.pulseOut_uartRcvTask,"ax",%progbits
 249              		.align	1
 250              		.global	pulseOut_uartRcvTask
 251              		.syntax unified
 252              		.code	16
 253              		.thumb_func
 254              		.fpu softvfp
 256              	pulseOut_uartRcvTask:
 257              	.LFB43:
  81:UserApp/pluseOut.c **** 		uint16_t pulseToSet=0;
  82:UserApp/pluseOut.c **** //串口接收
  83:UserApp/pluseOut.c **** uint8_t uart_timeout_cnt = 0;
  84:UserApp/pluseOut.c **** void pulseOut_uartRcvTask()
  85:UserApp/pluseOut.c **** {
 258              		.loc 1 85 1 is_stmt 1 view -0
 259              		.cfi_startproc
 260              		@ args = 0, pretend = 0, frame = 0
 261              		@ frame_needed = 0, uses_anonymous_args = 0
 262 0000 10B5     		push	{r4, lr}
 263              	.LCFI1:
 264              		.cfi_def_cfa_offset 8
 265              		.cfi_offset 4, -8
 266              		.cfi_offset 14, -4
  86:UserApp/pluseOut.c **** 
  87:UserApp/pluseOut.c **** 	uart_timeout_cnt = 0;
 267              		.loc 1 87 2 view .LVU56
 268              		.loc 1 87 19 is_stmt 0 view .LVU57
 269 0002 154B     		ldr	r3, .L21
 270 0004 0022     		movs	r2, #0
 271 0006 1A70     		strb	r2, [r3]
  88:UserApp/pluseOut.c **** 	if(strncmp("disable output",(char*)uart2RxBuf,sizeof("disable output")-1)==0)
 272              		.loc 1 88 2 is_stmt 1 view .LVU58
 273              		.loc 1 88 5 is_stmt 0 view .LVU59
 274 0008 0E32     		adds	r2, r2, #14
 275 000a 1449     		ldr	r1, .L21+4
 276 000c 1448     		ldr	r0, .L21+8
 277 000e FFF7FEFF 		bl	strncmp
 278              	.LVL11:
 279              		.loc 1 88 4 view .LVU60
 280 0012 0028     		cmp	r0, #0
 281 0014 13D0     		beq	.L20
  89:UserApp/pluseOut.c **** 	{
  90:UserApp/pluseOut.c **** 		pulseFrqMod = pulseStop;
  91:UserApp/pluseOut.c **** 		uartPrintString(&huart2,"\r\noutput disabled!");
  92:UserApp/pluseOut.c **** 	}
  93:UserApp/pluseOut.c **** 	else if(strncmp("constON",(char*)uart2RxBuf,sizeof("constON")-1)==0)
 282              		.loc 1 93 7 is_stmt 1 view .LVU61
 283              		.loc 1 93 10 is_stmt 0 view .LVU62
 284 0016 0722     		movs	r2, #7
 285 0018 1049     		ldr	r1, .L21+4
 286 001a 1248     		ldr	r0, .L21+12
 287 001c FFF7FEFF 		bl	strncmp
ARM GAS  C:\Users\15612\AppData\Local\Temp\cck1Ld55.s 			page 8


 288              	.LVL12:
 289              		.loc 1 93 9 view .LVU63
 290 0020 0028     		cmp	r0, #0
 291 0022 14D1     		bne	.L19
  94:UserApp/pluseOut.c **** 	{
  95:UserApp/pluseOut.c **** 		pulseFrqMod = constON;
 292              		.loc 1 95 3 is_stmt 1 view .LVU64
 293              		.loc 1 95 15 is_stmt 0 view .LVU65
 294 0024 104B     		ldr	r3, .L21+16
 295 0026 0122     		movs	r2, #1
 296 0028 1A80     		strh	r2, [r3]
  96:UserApp/pluseOut.c **** 		uartPrintString(&huart2,"\r\nok!");
 297              		.loc 1 96 3 is_stmt 1 view .LVU66
 298 002a 1049     		ldr	r1, .L21+20
 299 002c 1048     		ldr	r0, .L21+24
 300 002e FFF7FEFF 		bl	uartPrintString
 301              	.LVL13:
 302              	.L18:
  97:UserApp/pluseOut.c **** 	}
  98:UserApp/pluseOut.c **** 	else
  99:UserApp/pluseOut.c **** 	{
 100:UserApp/pluseOut.c **** 		uartPrintString(&huart2,(char*)uart2RxBuf);
 101:UserApp/pluseOut.c **** 	}
 102:UserApp/pluseOut.c **** 	
 103:UserApp/pluseOut.c **** 	memset(uart2RxBuf,0,uart2MaxLen);
 303              		.loc 1 103 2 view .LVU67
 304 0032 4022     		movs	r2, #64
 305 0034 0021     		movs	r1, #0
 306 0036 0948     		ldr	r0, .L21+4
 307 0038 FFF7FEFF 		bl	memset
 308              	.LVL14:
 104:UserApp/pluseOut.c **** }
 309              		.loc 1 104 1 is_stmt 0 view .LVU68
 310              		@ sp needed
 311 003c 10BD     		pop	{r4, pc}
 312              	.L20:
  90:UserApp/pluseOut.c **** 		uartPrintString(&huart2,"\r\noutput disabled!");
 313              		.loc 1 90 3 is_stmt 1 view .LVU69
  90:UserApp/pluseOut.c **** 		uartPrintString(&huart2,"\r\noutput disabled!");
 314              		.loc 1 90 15 is_stmt 0 view .LVU70
 315 003e 0A4B     		ldr	r3, .L21+16
 316 0040 0022     		movs	r2, #0
 317 0042 1A80     		strh	r2, [r3]
  91:UserApp/pluseOut.c **** 	}
 318              		.loc 1 91 3 is_stmt 1 view .LVU71
 319 0044 0B49     		ldr	r1, .L21+28
 320 0046 0A48     		ldr	r0, .L21+24
 321 0048 FFF7FEFF 		bl	uartPrintString
 322              	.LVL15:
 323 004c F1E7     		b	.L18
 324              	.L19:
 100:UserApp/pluseOut.c **** 	}
 325              		.loc 1 100 3 view .LVU72
 326 004e 0349     		ldr	r1, .L21+4
 327 0050 0748     		ldr	r0, .L21+24
 328 0052 FFF7FEFF 		bl	uartPrintString
 329              	.LVL16:
ARM GAS  C:\Users\15612\AppData\Local\Temp\cck1Ld55.s 			page 9


 330 0056 ECE7     		b	.L18
 331              	.L22:
 332              		.align	2
 333              	.L21:
 334 0058 00000000 		.word	.LANCHOR2
 335 005c 00000000 		.word	uart2RxBuf
 336 0060 00000000 		.word	.LC9
 337 0064 24000000 		.word	.LC15
 338 0068 00000000 		.word	.LANCHOR3
 339 006c 2C000000 		.word	.LC17
 340 0070 00000000 		.word	huart2
 341 0074 10000000 		.word	.LC12
 342              		.cfi_endproc
 343              	.LFE43:
 345              		.section	.text.uart_timeOut,"ax",%progbits
 346              		.align	1
 347              		.global	uart_timeOut
 348              		.syntax unified
 349              		.code	16
 350              		.thumb_func
 351              		.fpu softvfp
 353              	uart_timeOut:
 354              	.LFB44:
 105:UserApp/pluseOut.c **** 
 106:UserApp/pluseOut.c **** void uart_timeOut()
 107:UserApp/pluseOut.c **** {
 355              		.loc 1 107 1 view -0
 356              		.cfi_startproc
 357              		@ args = 0, pretend = 0, frame = 0
 358              		@ frame_needed = 0, uses_anonymous_args = 0
 359              		@ link register save eliminated.
 108:UserApp/pluseOut.c **** 	
 109:UserApp/pluseOut.c **** 	if(uart_timeout_cnt > 5)
 360              		.loc 1 109 2 view .LVU74
 361              		.loc 1 109 22 is_stmt 0 view .LVU75
 362 0000 054B     		ldr	r3, .L25
 363 0002 1B78     		ldrb	r3, [r3]
 364              		.loc 1 109 4 view .LVU76
 365 0004 052B     		cmp	r3, #5
 366 0006 02D9     		bls	.L24
 110:UserApp/pluseOut.c **** 	{
 111:UserApp/pluseOut.c **** 		uart_timeout_cnt=0;
 367              		.loc 1 111 3 is_stmt 1 view .LVU77
 368              		.loc 1 111 19 is_stmt 0 view .LVU78
 369 0008 034B     		ldr	r3, .L25
 370 000a 0022     		movs	r2, #0
 371 000c 1A70     		strb	r2, [r3]
 372              	.L24:
 112:UserApp/pluseOut.c **** 		  //MX_USART1_UART_Init();
 113:UserApp/pluseOut.c **** 
 114:UserApp/pluseOut.c **** 		//uart_init();
 115:UserApp/pluseOut.c **** 	}
 116:UserApp/pluseOut.c **** 	uart_timeout_cnt++;
 373              		.loc 1 116 2 is_stmt 1 view .LVU79
 374              		.loc 1 116 18 is_stmt 0 view .LVU80
 375 000e 024A     		ldr	r2, .L25
 376 0010 1378     		ldrb	r3, [r2]
ARM GAS  C:\Users\15612\AppData\Local\Temp\cck1Ld55.s 			page 10


 377 0012 0133     		adds	r3, r3, #1
 378 0014 1370     		strb	r3, [r2]
 117:UserApp/pluseOut.c **** }
 379              		.loc 1 117 1 view .LVU81
 380              		@ sp needed
 381 0016 7047     		bx	lr
 382              	.L26:
 383              		.align	2
 384              	.L25:
 385 0018 00000000 		.word	.LANCHOR2
 386              		.cfi_endproc
 387              	.LFE44:
 389              		.global	uart_timeout_cnt
 390              		.global	pulseToSet
 391              		.global	pulseFrqMod
 392              		.section	.bss.key0LonClicFlag_previous.7077,"aw",%nobits
 393              		.set	.LANCHOR1,. + 0
 396              	key0LonClicFlag_previous.7077:
 397 0000 00       		.space	1
 398              		.section	.bss.key0OneClicFlag_previous.7075,"aw",%nobits
 399              		.set	.LANCHOR0,. + 0
 402              	key0OneClicFlag_previous.7075:
 403 0000 00       		.space	1
 404              		.section	.bss.pulseFrqMod,"aw",%nobits
 405              		.align	1
 406              		.set	.LANCHOR3,. + 0
 409              	pulseFrqMod:
 410 0000 0000     		.space	2
 411              		.section	.bss.pulseToSet,"aw",%nobits
 412              		.align	1
 415              	pulseToSet:
 416 0000 0000     		.space	2
 417              		.section	.bss.uart_timeout_cnt,"aw",%nobits
 418              		.set	.LANCHOR2,. + 0
 421              	uart_timeout_cnt:
 422 0000 00       		.space	1
 423              		.text
 424              	.Letext0:
 425              		.file 2 "c:\\tools\\gd\\embeddedbuilder_v1.4.1.23782\\embeddedbuilder_v1.4.1.23782\\tools\\gnu too
 426              		.file 3 "c:\\tools\\gd\\embeddedbuilder_v1.4.1.23782\\embeddedbuilder_v1.4.1.23782\\tools\\gnu too
 427              		.file 4 "Drivers/CMSIS/Device/ST/STM32F0xx/Include/system_stm32f0xx.h"
 428              		.file 5 "Drivers/CMSIS/Device/ST/STM32F0xx/Include/stm32f070x6.h"
 429              		.file 6 "Drivers/STM32F0xx_HAL_Driver/Inc/stm32f0xx_hal_def.h"
 430              		.file 7 "Drivers/STM32F0xx_HAL_Driver/Inc/stm32f0xx_hal_dma.h"
 431              		.file 8 "Drivers/STM32F0xx_HAL_Driver/Inc/stm32f0xx_hal_tim.h"
 432              		.file 9 "Drivers/STM32F0xx_HAL_Driver/Inc/stm32f0xx_hal_uart.h"
 433              		.file 10 "Drivers/STM32F0xx_HAL_Driver/Inc/stm32f0xx_hal.h"
 434              		.file 11 "Core/Inc/tim.h"
 435              		.file 12 "Bsp/inc/bsp_key.h"
 436              		.file 13 "Bsp/inc/bsp_led.h"
 437              		.file 14 "Bsp/inc/bsp_uart.h"
 438              		.file 15 "c:\\tools\\gd\\embeddedbuilder_v1.4.1.23782\\embeddedbuilder_v1.4.1.23782\\tools\\gnu to
 439              		.file 16 "c:\\tools\\gd\\embeddedbuilder_v1.4.1.23782\\embeddedbuilder_v1.4.1.23782\\tools\\gnu to
 440              		.file 17 "c:\\tools\\gd\\embeddedbuilder_v1.4.1.23782\\embeddedbuilder_v1.4.1.23782\\tools\\gnu to
 441              		.file 18 "c:\\tools\\gd\\embeddedbuilder_v1.4.1.23782\\embeddedbuilder_v1.4.1.23782\\tools\\gnu to
 442              		.file 19 "c:\\tools\\gd\\embeddedbuilder_v1.4.1.23782\\embeddedbuilder_v1.4.1.23782\\tools\\gnu to
 443              		.file 20 "Core/Inc/usart.h"
ARM GAS  C:\Users\15612\AppData\Local\Temp\cck1Ld55.s 			page 11


 444              		.file 21 "c:\\tools\\gd\\embeddedbuilder_v1.4.1.23782\\embeddedbuilder_v1.4.1.23782\\tools\\gnu to
 445              		.file 22 "<built-in>"
ARM GAS  C:\Users\15612\AppData\Local\Temp\cck1Ld55.s 			page 12


DEFINED SYMBOLS
                            *ABS*:00000000 pluseOut.c
C:\Users\15612\AppData\Local\Temp\cck1Ld55.s:16     .text.pluseOutInit:00000000 $t
C:\Users\15612\AppData\Local\Temp\cck1Ld55.s:24     .text.pluseOutInit:00000000 pluseOutInit
C:\Users\15612\AppData\Local\Temp\cck1Ld55.s:77     .text.pluseOutInit:00000034 $d
C:\Users\15612\AppData\Local\Temp\cck1Ld55.s:82     .text.pulseOut_task:00000000 $t
C:\Users\15612\AppData\Local\Temp\cck1Ld55.s:89     .text.pulseOut_task:00000000 pulseOut_task
C:\Users\15612\AppData\Local\Temp\cck1Ld55.s:163    .text.pulseOut_task:00000048 $d
C:\Users\15612\AppData\Local\Temp\cck1Ld55.s:173    .text.powi:00000000 $t
C:\Users\15612\AppData\Local\Temp\cck1Ld55.s:180    .text.powi:00000000 powi
C:\Users\15612\AppData\Local\Temp\cck1Ld55.s:236    .rodata.pulseOut_uartRcvTask.str1.4:00000000 $d
C:\Users\15612\AppData\Local\Temp\cck1Ld55.s:249    .text.pulseOut_uartRcvTask:00000000 $t
C:\Users\15612\AppData\Local\Temp\cck1Ld55.s:256    .text.pulseOut_uartRcvTask:00000000 pulseOut_uartRcvTask
C:\Users\15612\AppData\Local\Temp\cck1Ld55.s:334    .text.pulseOut_uartRcvTask:00000058 $d
C:\Users\15612\AppData\Local\Temp\cck1Ld55.s:346    .text.uart_timeOut:00000000 $t
C:\Users\15612\AppData\Local\Temp\cck1Ld55.s:353    .text.uart_timeOut:00000000 uart_timeOut
C:\Users\15612\AppData\Local\Temp\cck1Ld55.s:385    .text.uart_timeOut:00000018 $d
C:\Users\15612\AppData\Local\Temp\cck1Ld55.s:421    .bss.uart_timeout_cnt:00000000 uart_timeout_cnt
C:\Users\15612\AppData\Local\Temp\cck1Ld55.s:415    .bss.pulseToSet:00000000 pulseToSet
C:\Users\15612\AppData\Local\Temp\cck1Ld55.s:409    .bss.pulseFrqMod:00000000 pulseFrqMod
C:\Users\15612\AppData\Local\Temp\cck1Ld55.s:396    .bss.key0LonClicFlag_previous.7077:00000000 key0LonClicFlag_previous.7077
C:\Users\15612\AppData\Local\Temp\cck1Ld55.s:397    .bss.key0LonClicFlag_previous.7077:00000000 $d
C:\Users\15612\AppData\Local\Temp\cck1Ld55.s:402    .bss.key0OneClicFlag_previous.7075:00000000 key0OneClicFlag_previous.7075
C:\Users\15612\AppData\Local\Temp\cck1Ld55.s:403    .bss.key0OneClicFlag_previous.7075:00000000 $d
C:\Users\15612\AppData\Local\Temp\cck1Ld55.s:405    .bss.pulseFrqMod:00000000 $d
C:\Users\15612\AppData\Local\Temp\cck1Ld55.s:412    .bss.pulseToSet:00000000 $d
C:\Users\15612\AppData\Local\Temp\cck1Ld55.s:422    .bss.uart_timeout_cnt:00000000 $d

UNDEFINED SYMBOLS
HAL_TIM_PWM_Start
htim3
key0OneClicFlag
LED_MODE
key0LonClicFlag
strncmp
uartPrintString
memset
uart2RxBuf
huart2
