ARM GAS  C:\Users\15612\AppData\Local\Temp\ccBGf19a.s 			page 1


   1              		.cpu cortex-m0
   2              		.eabi_attribute 20, 1
   3              		.eabi_attribute 21, 1
   4              		.eabi_attribute 23, 3
   5              		.eabi_attribute 24, 1
   6              		.eabi_attribute 25, 1
   7              		.eabi_attribute 26, 1
   8              		.eabi_attribute 30, 1
   9              		.eabi_attribute 34, 0
  10              		.eabi_attribute 18, 4
  11              		.file	"stm32f0xx_it.c"
  12              		.text
  13              	.Ltext0:
  14              		.cfi_sections	.debug_frame
  15              		.section	.text.NMI_Handler,"ax",%progbits
  16              		.align	1
  17              		.global	NMI_Handler
  18              		.arch armv6s-m
  19              		.syntax unified
  20              		.code	16
  21              		.thumb_func
  22              		.fpu softvfp
  24              	NMI_Handler:
  25              	.LFB40:
  26              		.file 1 "Core/Src/stm32f0xx_it.c"
   1:Core/Src/stm32f0xx_it.c **** /* USER CODE BEGIN Header */
   2:Core/Src/stm32f0xx_it.c **** /**
   3:Core/Src/stm32f0xx_it.c ****   ******************************************************************************
   4:Core/Src/stm32f0xx_it.c ****   * @file    stm32f0xx_it.c
   5:Core/Src/stm32f0xx_it.c ****   * @brief   Interrupt Service Routines.
   6:Core/Src/stm32f0xx_it.c ****   ******************************************************************************
   7:Core/Src/stm32f0xx_it.c ****   * @attention
   8:Core/Src/stm32f0xx_it.c ****   *
   9:Core/Src/stm32f0xx_it.c ****   * Copyright (c) 2023 STMicroelectronics.
  10:Core/Src/stm32f0xx_it.c ****   * All rights reserved.
  11:Core/Src/stm32f0xx_it.c ****   *
  12:Core/Src/stm32f0xx_it.c ****   * This software is licensed under terms that can be found in the LICENSE file
  13:Core/Src/stm32f0xx_it.c ****   * in the root directory of this software component.
  14:Core/Src/stm32f0xx_it.c ****   * If no LICENSE file comes with this software, it is provided AS-IS.
  15:Core/Src/stm32f0xx_it.c ****   *
  16:Core/Src/stm32f0xx_it.c ****   ******************************************************************************
  17:Core/Src/stm32f0xx_it.c ****   */
  18:Core/Src/stm32f0xx_it.c **** /* USER CODE END Header */
  19:Core/Src/stm32f0xx_it.c **** 
  20:Core/Src/stm32f0xx_it.c **** /* Includes ------------------------------------------------------------------*/
  21:Core/Src/stm32f0xx_it.c **** #include "main.h"
  22:Core/Src/stm32f0xx_it.c **** #include "stm32f0xx_it.h"
  23:Core/Src/stm32f0xx_it.c **** /* Private includes ----------------------------------------------------------*/
  24:Core/Src/stm32f0xx_it.c **** /* USER CODE BEGIN Includes */
  25:Core/Src/stm32f0xx_it.c **** #include "user_main.h"
  26:Core/Src/stm32f0xx_it.c **** /* USER CODE END Includes */
  27:Core/Src/stm32f0xx_it.c **** 
  28:Core/Src/stm32f0xx_it.c **** /* Private typedef -----------------------------------------------------------*/
  29:Core/Src/stm32f0xx_it.c **** /* USER CODE BEGIN TD */
  30:Core/Src/stm32f0xx_it.c **** 
  31:Core/Src/stm32f0xx_it.c **** /* USER CODE END TD */
  32:Core/Src/stm32f0xx_it.c **** 
ARM GAS  C:\Users\15612\AppData\Local\Temp\ccBGf19a.s 			page 2


  33:Core/Src/stm32f0xx_it.c **** /* Private define ------------------------------------------------------------*/
  34:Core/Src/stm32f0xx_it.c **** /* USER CODE BEGIN PD */
  35:Core/Src/stm32f0xx_it.c **** 
  36:Core/Src/stm32f0xx_it.c **** /* USER CODE END PD */
  37:Core/Src/stm32f0xx_it.c **** 
  38:Core/Src/stm32f0xx_it.c **** /* Private macro -------------------------------------------------------------*/
  39:Core/Src/stm32f0xx_it.c **** /* USER CODE BEGIN PM */
  40:Core/Src/stm32f0xx_it.c **** 
  41:Core/Src/stm32f0xx_it.c **** /* USER CODE END PM */
  42:Core/Src/stm32f0xx_it.c **** 
  43:Core/Src/stm32f0xx_it.c **** /* Private variables ---------------------------------------------------------*/
  44:Core/Src/stm32f0xx_it.c **** /* USER CODE BEGIN PV */
  45:Core/Src/stm32f0xx_it.c **** 
  46:Core/Src/stm32f0xx_it.c **** /* USER CODE END PV */
  47:Core/Src/stm32f0xx_it.c **** 
  48:Core/Src/stm32f0xx_it.c **** /* Private function prototypes -----------------------------------------------*/
  49:Core/Src/stm32f0xx_it.c **** /* USER CODE BEGIN PFP */
  50:Core/Src/stm32f0xx_it.c **** 
  51:Core/Src/stm32f0xx_it.c **** /* USER CODE END PFP */
  52:Core/Src/stm32f0xx_it.c **** 
  53:Core/Src/stm32f0xx_it.c **** /* Private user code ---------------------------------------------------------*/
  54:Core/Src/stm32f0xx_it.c **** /* USER CODE BEGIN 0 */
  55:Core/Src/stm32f0xx_it.c **** 
  56:Core/Src/stm32f0xx_it.c **** /* USER CODE END 0 */
  57:Core/Src/stm32f0xx_it.c **** 
  58:Core/Src/stm32f0xx_it.c **** /* External variables --------------------------------------------------------*/
  59:Core/Src/stm32f0xx_it.c **** extern DMA_HandleTypeDef hdma_usart2_tx;
  60:Core/Src/stm32f0xx_it.c **** extern DMA_HandleTypeDef hdma_usart2_rx;
  61:Core/Src/stm32f0xx_it.c **** extern UART_HandleTypeDef huart2;
  62:Core/Src/stm32f0xx_it.c **** /* USER CODE BEGIN EV */
  63:Core/Src/stm32f0xx_it.c **** 
  64:Core/Src/stm32f0xx_it.c **** /* USER CODE END EV */
  65:Core/Src/stm32f0xx_it.c **** 
  66:Core/Src/stm32f0xx_it.c **** /******************************************************************************/
  67:Core/Src/stm32f0xx_it.c **** /*           Cortex-M0 Processor Interruption and Exception Handlers          */
  68:Core/Src/stm32f0xx_it.c **** /******************************************************************************/
  69:Core/Src/stm32f0xx_it.c **** /**
  70:Core/Src/stm32f0xx_it.c ****   * @brief This function handles Non maskable interrupt.
  71:Core/Src/stm32f0xx_it.c ****   */
  72:Core/Src/stm32f0xx_it.c **** void NMI_Handler(void)
  73:Core/Src/stm32f0xx_it.c **** {
  27              		.loc 1 73 1 view -0
  28              		.cfi_startproc
  29              		@ Volatile: function does not return.
  30              		@ args = 0, pretend = 0, frame = 0
  31              		@ frame_needed = 0, uses_anonymous_args = 0
  32              		@ link register save eliminated.
  33              	.L2:
  74:Core/Src/stm32f0xx_it.c ****   /* USER CODE BEGIN NonMaskableInt_IRQn 0 */
  75:Core/Src/stm32f0xx_it.c **** 
  76:Core/Src/stm32f0xx_it.c ****   /* USER CODE END NonMaskableInt_IRQn 0 */
  77:Core/Src/stm32f0xx_it.c ****   /* USER CODE BEGIN NonMaskableInt_IRQn 1 */
  78:Core/Src/stm32f0xx_it.c ****   while (1)
  34              		.loc 1 78 3 discriminator 1 view .LVU1
  79:Core/Src/stm32f0xx_it.c ****   {
  80:Core/Src/stm32f0xx_it.c ****   }
  35              		.loc 1 80 3 discriminator 1 view .LVU2
ARM GAS  C:\Users\15612\AppData\Local\Temp\ccBGf19a.s 			page 3


  78:Core/Src/stm32f0xx_it.c ****   {
  36              		.loc 1 78 9 discriminator 1 view .LVU3
  37 0000 FEE7     		b	.L2
  38              		.cfi_endproc
  39              	.LFE40:
  41              		.section	.text.HardFault_Handler,"ax",%progbits
  42              		.align	1
  43              		.global	HardFault_Handler
  44              		.syntax unified
  45              		.code	16
  46              		.thumb_func
  47              		.fpu softvfp
  49              	HardFault_Handler:
  50              	.LFB41:
  81:Core/Src/stm32f0xx_it.c ****   /* USER CODE END NonMaskableInt_IRQn 1 */
  82:Core/Src/stm32f0xx_it.c **** }
  83:Core/Src/stm32f0xx_it.c **** 
  84:Core/Src/stm32f0xx_it.c **** /**
  85:Core/Src/stm32f0xx_it.c ****   * @brief This function handles Hard fault interrupt.
  86:Core/Src/stm32f0xx_it.c ****   */
  87:Core/Src/stm32f0xx_it.c **** void HardFault_Handler(void)
  88:Core/Src/stm32f0xx_it.c **** {
  51              		.loc 1 88 1 view -0
  52              		.cfi_startproc
  53              		@ Volatile: function does not return.
  54              		@ args = 0, pretend = 0, frame = 0
  55              		@ frame_needed = 0, uses_anonymous_args = 0
  56              		@ link register save eliminated.
  57              	.L4:
  89:Core/Src/stm32f0xx_it.c ****   /* USER CODE BEGIN HardFault_IRQn 0 */
  90:Core/Src/stm32f0xx_it.c **** 
  91:Core/Src/stm32f0xx_it.c ****   /* USER CODE END HardFault_IRQn 0 */
  92:Core/Src/stm32f0xx_it.c ****   while (1)
  58              		.loc 1 92 3 discriminator 1 view .LVU5
  93:Core/Src/stm32f0xx_it.c ****   {
  94:Core/Src/stm32f0xx_it.c ****     /* USER CODE BEGIN W1_HardFault_IRQn 0 */
  95:Core/Src/stm32f0xx_it.c ****     /* USER CODE END W1_HardFault_IRQn 0 */
  96:Core/Src/stm32f0xx_it.c ****   }
  59              		.loc 1 96 3 discriminator 1 view .LVU6
  92:Core/Src/stm32f0xx_it.c ****   {
  60              		.loc 1 92 9 discriminator 1 view .LVU7
  61 0000 FEE7     		b	.L4
  62              		.cfi_endproc
  63              	.LFE41:
  65              		.section	.text.SVC_Handler,"ax",%progbits
  66              		.align	1
  67              		.global	SVC_Handler
  68              		.syntax unified
  69              		.code	16
  70              		.thumb_func
  71              		.fpu softvfp
  73              	SVC_Handler:
  74              	.LFB42:
  97:Core/Src/stm32f0xx_it.c **** }
  98:Core/Src/stm32f0xx_it.c **** 
  99:Core/Src/stm32f0xx_it.c **** /**
 100:Core/Src/stm32f0xx_it.c ****   * @brief This function handles System service call via SWI instruction.
ARM GAS  C:\Users\15612\AppData\Local\Temp\ccBGf19a.s 			page 4


 101:Core/Src/stm32f0xx_it.c ****   */
 102:Core/Src/stm32f0xx_it.c **** void SVC_Handler(void)
 103:Core/Src/stm32f0xx_it.c **** {
  75              		.loc 1 103 1 view -0
  76              		.cfi_startproc
  77              		@ args = 0, pretend = 0, frame = 0
  78              		@ frame_needed = 0, uses_anonymous_args = 0
  79              		@ link register save eliminated.
 104:Core/Src/stm32f0xx_it.c ****   /* USER CODE BEGIN SVC_IRQn 0 */
 105:Core/Src/stm32f0xx_it.c **** 
 106:Core/Src/stm32f0xx_it.c ****   /* USER CODE END SVC_IRQn 0 */
 107:Core/Src/stm32f0xx_it.c ****   /* USER CODE BEGIN SVC_IRQn 1 */
 108:Core/Src/stm32f0xx_it.c **** 
 109:Core/Src/stm32f0xx_it.c ****   /* USER CODE END SVC_IRQn 1 */
 110:Core/Src/stm32f0xx_it.c **** }
  80              		.loc 1 110 1 view .LVU9
  81              		@ sp needed
  82 0000 7047     		bx	lr
  83              		.cfi_endproc
  84              	.LFE42:
  86              		.section	.text.PendSV_Handler,"ax",%progbits
  87              		.align	1
  88              		.global	PendSV_Handler
  89              		.syntax unified
  90              		.code	16
  91              		.thumb_func
  92              		.fpu softvfp
  94              	PendSV_Handler:
  95              	.LFB43:
 111:Core/Src/stm32f0xx_it.c **** 
 112:Core/Src/stm32f0xx_it.c **** /**
 113:Core/Src/stm32f0xx_it.c ****   * @brief This function handles Pendable request for system service.
 114:Core/Src/stm32f0xx_it.c ****   */
 115:Core/Src/stm32f0xx_it.c **** void PendSV_Handler(void)
 116:Core/Src/stm32f0xx_it.c **** {
  96              		.loc 1 116 1 view -0
  97              		.cfi_startproc
  98              		@ args = 0, pretend = 0, frame = 0
  99              		@ frame_needed = 0, uses_anonymous_args = 0
 100              		@ link register save eliminated.
 117:Core/Src/stm32f0xx_it.c ****   /* USER CODE BEGIN PendSV_IRQn 0 */
 118:Core/Src/stm32f0xx_it.c **** 
 119:Core/Src/stm32f0xx_it.c ****   /* USER CODE END PendSV_IRQn 0 */
 120:Core/Src/stm32f0xx_it.c ****   /* USER CODE BEGIN PendSV_IRQn 1 */
 121:Core/Src/stm32f0xx_it.c **** 
 122:Core/Src/stm32f0xx_it.c ****   /* USER CODE END PendSV_IRQn 1 */
 123:Core/Src/stm32f0xx_it.c **** }
 101              		.loc 1 123 1 view .LVU11
 102              		@ sp needed
 103 0000 7047     		bx	lr
 104              		.cfi_endproc
 105              	.LFE43:
 107              		.section	.text.SysTick_Handler,"ax",%progbits
 108              		.align	1
 109              		.global	SysTick_Handler
 110              		.syntax unified
 111              		.code	16
ARM GAS  C:\Users\15612\AppData\Local\Temp\ccBGf19a.s 			page 5


 112              		.thumb_func
 113              		.fpu softvfp
 115              	SysTick_Handler:
 116              	.LFB44:
 124:Core/Src/stm32f0xx_it.c **** 
 125:Core/Src/stm32f0xx_it.c **** /**
 126:Core/Src/stm32f0xx_it.c ****   * @brief This function handles System tick timer.
 127:Core/Src/stm32f0xx_it.c ****   */
 128:Core/Src/stm32f0xx_it.c **** void SysTick_Handler(void)
 129:Core/Src/stm32f0xx_it.c **** {
 117              		.loc 1 129 1 view -0
 118              		.cfi_startproc
 119              		@ args = 0, pretend = 0, frame = 0
 120              		@ frame_needed = 0, uses_anonymous_args = 0
 121 0000 10B5     		push	{r4, lr}
 122              	.LCFI0:
 123              		.cfi_def_cfa_offset 8
 124              		.cfi_offset 4, -8
 125              		.cfi_offset 14, -4
 130:Core/Src/stm32f0xx_it.c ****   /* USER CODE BEGIN SysTick_IRQn 0 */
 131:Core/Src/stm32f0xx_it.c **** 
 132:Core/Src/stm32f0xx_it.c ****   /* USER CODE END SysTick_IRQn 0 */
 133:Core/Src/stm32f0xx_it.c ****   HAL_IncTick();
 126              		.loc 1 133 3 view .LVU13
 127 0002 FFF7FEFF 		bl	HAL_IncTick
 128              	.LVL0:
 134:Core/Src/stm32f0xx_it.c ****   /* USER CODE BEGIN SysTick_IRQn 1 */
 135:Core/Src/stm32f0xx_it.c **** 	Task_Marks_Handler_Callback();
 129              		.loc 1 135 2 view .LVU14
 130 0006 FFF7FEFF 		bl	Task_Marks_Handler_Callback
 131              	.LVL1:
 136:Core/Src/stm32f0xx_it.c ****   /* USER CODE END SysTick_IRQn 1 */
 137:Core/Src/stm32f0xx_it.c **** }
 132              		.loc 1 137 1 is_stmt 0 view .LVU15
 133              		@ sp needed
 134 000a 10BD     		pop	{r4, pc}
 135              		.cfi_endproc
 136              	.LFE44:
 138              		.section	.text.DMA1_Channel4_5_IRQHandler,"ax",%progbits
 139              		.align	1
 140              		.global	DMA1_Channel4_5_IRQHandler
 141              		.syntax unified
 142              		.code	16
 143              		.thumb_func
 144              		.fpu softvfp
 146              	DMA1_Channel4_5_IRQHandler:
 147              	.LFB45:
 138:Core/Src/stm32f0xx_it.c **** 
 139:Core/Src/stm32f0xx_it.c **** /******************************************************************************/
 140:Core/Src/stm32f0xx_it.c **** /* STM32F0xx Peripheral Interrupt Handlers                                    */
 141:Core/Src/stm32f0xx_it.c **** /* Add here the Interrupt Handlers for the used peripherals.                  */
 142:Core/Src/stm32f0xx_it.c **** /* For the available peripheral interrupt handler names,                      */
 143:Core/Src/stm32f0xx_it.c **** /* please refer to the startup file (startup_stm32f0xx.s).                    */
 144:Core/Src/stm32f0xx_it.c **** /******************************************************************************/
 145:Core/Src/stm32f0xx_it.c **** 
 146:Core/Src/stm32f0xx_it.c **** /**
 147:Core/Src/stm32f0xx_it.c ****   * @brief This function handles DMA1 channel 4 and 5 interrupts.
ARM GAS  C:\Users\15612\AppData\Local\Temp\ccBGf19a.s 			page 6


 148:Core/Src/stm32f0xx_it.c ****   */
 149:Core/Src/stm32f0xx_it.c **** void DMA1_Channel4_5_IRQHandler(void)
 150:Core/Src/stm32f0xx_it.c **** {
 148              		.loc 1 150 1 is_stmt 1 view -0
 149              		.cfi_startproc
 150              		@ args = 0, pretend = 0, frame = 0
 151              		@ frame_needed = 0, uses_anonymous_args = 0
 152 0000 10B5     		push	{r4, lr}
 153              	.LCFI1:
 154              		.cfi_def_cfa_offset 8
 155              		.cfi_offset 4, -8
 156              		.cfi_offset 14, -4
 151:Core/Src/stm32f0xx_it.c ****   /* USER CODE BEGIN DMA1_Channel4_5_IRQn 0 */
 152:Core/Src/stm32f0xx_it.c **** 
 153:Core/Src/stm32f0xx_it.c ****   /* USER CODE END DMA1_Channel4_5_IRQn 0 */
 154:Core/Src/stm32f0xx_it.c ****   HAL_DMA_IRQHandler(&hdma_usart2_tx);
 157              		.loc 1 154 3 view .LVU17
 158 0002 0348     		ldr	r0, .L9
 159 0004 FFF7FEFF 		bl	HAL_DMA_IRQHandler
 160              	.LVL2:
 155:Core/Src/stm32f0xx_it.c ****   HAL_DMA_IRQHandler(&hdma_usart2_rx);
 161              		.loc 1 155 3 view .LVU18
 162 0008 0248     		ldr	r0, .L9+4
 163 000a FFF7FEFF 		bl	HAL_DMA_IRQHandler
 164              	.LVL3:
 156:Core/Src/stm32f0xx_it.c ****   /* USER CODE BEGIN DMA1_Channel4_5_IRQn 1 */
 157:Core/Src/stm32f0xx_it.c **** 
 158:Core/Src/stm32f0xx_it.c ****   /* USER CODE END DMA1_Channel4_5_IRQn 1 */
 159:Core/Src/stm32f0xx_it.c **** }
 165              		.loc 1 159 1 is_stmt 0 view .LVU19
 166              		@ sp needed
 167 000e 10BD     		pop	{r4, pc}
 168              	.L10:
 169              		.align	2
 170              	.L9:
 171 0010 00000000 		.word	hdma_usart2_tx
 172 0014 00000000 		.word	hdma_usart2_rx
 173              		.cfi_endproc
 174              	.LFE45:
 176              		.section	.text.USART2_IRQHandler,"ax",%progbits
 177              		.align	1
 178              		.global	USART2_IRQHandler
 179              		.syntax unified
 180              		.code	16
 181              		.thumb_func
 182              		.fpu softvfp
 184              	USART2_IRQHandler:
 185              	.LFB46:
 160:Core/Src/stm32f0xx_it.c **** 
 161:Core/Src/stm32f0xx_it.c **** /**
 162:Core/Src/stm32f0xx_it.c ****   * @brief This function handles USART2 global interrupt.
 163:Core/Src/stm32f0xx_it.c ****   */
 164:Core/Src/stm32f0xx_it.c **** void USART2_IRQHandler(void)
 165:Core/Src/stm32f0xx_it.c **** {
 186              		.loc 1 165 1 is_stmt 1 view -0
 187              		.cfi_startproc
 188              		@ args = 0, pretend = 0, frame = 0
ARM GAS  C:\Users\15612\AppData\Local\Temp\ccBGf19a.s 			page 7


 189              		@ frame_needed = 0, uses_anonymous_args = 0
 190 0000 10B5     		push	{r4, lr}
 191              	.LCFI2:
 192              		.cfi_def_cfa_offset 8
 193              		.cfi_offset 4, -8
 194              		.cfi_offset 14, -4
 166:Core/Src/stm32f0xx_it.c ****   /* USER CODE BEGIN USART2_IRQn 0 */
 167:Core/Src/stm32f0xx_it.c **** 
 168:Core/Src/stm32f0xx_it.c ****   /* USER CODE END USART2_IRQn 0 */
 169:Core/Src/stm32f0xx_it.c ****   HAL_UART_IRQHandler(&huart2);
 195              		.loc 1 169 3 view .LVU21
 196 0002 0248     		ldr	r0, .L12
 197 0004 FFF7FEFF 		bl	HAL_UART_IRQHandler
 198              	.LVL4:
 170:Core/Src/stm32f0xx_it.c ****   /* USER CODE BEGIN USART2_IRQn 1 */
 171:Core/Src/stm32f0xx_it.c **** 
 172:Core/Src/stm32f0xx_it.c ****   /* USER CODE END USART2_IRQn 1 */
 173:Core/Src/stm32f0xx_it.c **** }
 199              		.loc 1 173 1 is_stmt 0 view .LVU22
 200              		@ sp needed
 201 0008 10BD     		pop	{r4, pc}
 202              	.L13:
 203 000a C046     		.align	2
 204              	.L12:
 205 000c 00000000 		.word	huart2
 206              		.cfi_endproc
 207              	.LFE46:
 209              		.text
 210              	.Letext0:
 211              		.file 2 "c:\\tools\\gd\\embeddedbuilder_v1.4.1.23782\\embeddedbuilder_v1.4.1.23782\\tools\\gnu too
 212              		.file 3 "c:\\tools\\gd\\embeddedbuilder_v1.4.1.23782\\embeddedbuilder_v1.4.1.23782\\tools\\gnu too
 213              		.file 4 "Drivers/CMSIS/Device/ST/STM32F0xx/Include/system_stm32f0xx.h"
 214              		.file 5 "Drivers/CMSIS/Device/ST/STM32F0xx/Include/stm32f070x6.h"
 215              		.file 6 "Drivers/STM32F0xx_HAL_Driver/Inc/stm32f0xx_hal_def.h"
 216              		.file 7 "Drivers/STM32F0xx_HAL_Driver/Inc/stm32f0xx_hal_dma.h"
 217              		.file 8 "Drivers/STM32F0xx_HAL_Driver/Inc/stm32f0xx_hal_uart.h"
 218              		.file 9 "Drivers/STM32F0xx_HAL_Driver/Inc/stm32f0xx_hal.h"
 219              		.file 10 "UserApp/inc/user_main.h"
ARM GAS  C:\Users\15612\AppData\Local\Temp\ccBGf19a.s 			page 8


DEFINED SYMBOLS
                            *ABS*:00000000 stm32f0xx_it.c
C:\Users\15612\AppData\Local\Temp\ccBGf19a.s:16     .text.NMI_Handler:00000000 $t
C:\Users\15612\AppData\Local\Temp\ccBGf19a.s:24     .text.NMI_Handler:00000000 NMI_Handler
C:\Users\15612\AppData\Local\Temp\ccBGf19a.s:42     .text.HardFault_Handler:00000000 $t
C:\Users\15612\AppData\Local\Temp\ccBGf19a.s:49     .text.HardFault_Handler:00000000 HardFault_Handler
C:\Users\15612\AppData\Local\Temp\ccBGf19a.s:66     .text.SVC_Handler:00000000 $t
C:\Users\15612\AppData\Local\Temp\ccBGf19a.s:73     .text.SVC_Handler:00000000 SVC_Handler
C:\Users\15612\AppData\Local\Temp\ccBGf19a.s:87     .text.PendSV_Handler:00000000 $t
C:\Users\15612\AppData\Local\Temp\ccBGf19a.s:94     .text.PendSV_Handler:00000000 PendSV_Handler
C:\Users\15612\AppData\Local\Temp\ccBGf19a.s:108    .text.SysTick_Handler:00000000 $t
C:\Users\15612\AppData\Local\Temp\ccBGf19a.s:115    .text.SysTick_Handler:00000000 SysTick_Handler
C:\Users\15612\AppData\Local\Temp\ccBGf19a.s:139    .text.DMA1_Channel4_5_IRQHandler:00000000 $t
C:\Users\15612\AppData\Local\Temp\ccBGf19a.s:146    .text.DMA1_Channel4_5_IRQHandler:00000000 DMA1_Channel4_5_IRQHandler
C:\Users\15612\AppData\Local\Temp\ccBGf19a.s:171    .text.DMA1_Channel4_5_IRQHandler:00000010 $d
C:\Users\15612\AppData\Local\Temp\ccBGf19a.s:177    .text.USART2_IRQHandler:00000000 $t
C:\Users\15612\AppData\Local\Temp\ccBGf19a.s:184    .text.USART2_IRQHandler:00000000 USART2_IRQHandler
C:\Users\15612\AppData\Local\Temp\ccBGf19a.s:205    .text.USART2_IRQHandler:0000000c $d

UNDEFINED SYMBOLS
HAL_IncTick
Task_Marks_Handler_Callback
HAL_DMA_IRQHandler
hdma_usart2_tx
hdma_usart2_rx
HAL_UART_IRQHandler
huart2
